D:\work\»óČ²µµ\C4IMap\Altitude.tlb
D:\work\»óČ²µµ\C4IMap\BAMgr.cpp
D:\work\»óČ²µµ\C4IMap\BAMgr.h
D:\work\»óČ²µµ\C4IMap\C4IMap.aps
D:\work\»óČ²µµ\C4IMap\C4IMap.cpp
D:\work\»óČ²µµ\C4IMap\C4IMap.h
D:\work\»óČ²µµ\C4IMap\C4IMap.rc
D:\work\»óČ²µµ\C4IMap\C4IMap.sln
D:\work\»óČ²µµ\C4IMap\C4IMap.vcxproj
D:\work\»óČ²µµ\C4IMap\C4IMap.vcxproj.filters
D:\work\»óČ²µµ\C4IMap\C4IMap.vcxproj.user
D:\work\»óČ²µµ\C4IMap\C4IMapDoc.cpp
D:\work\»óČ²µµ\C4IMap\C4IMapDoc.h
D:\work\»óČ²µµ\C4IMap\C4IMapView.cpp
D:\work\»óČ²µµ\C4IMap\C4IMapView.h
D:\work\»óČ²µµ\C4IMap\C4IMapViewHeader.h
D:\work\»óČ²µµ\C4IMap\C4IMapView_Draw.cpp
D:\work\»óČ²µµ\C4IMap\C4IMapView_Etc.cpp
D:\work\»óČ²µµ\C4IMap\C4IMapView_Hitest.cpp
D:\work\»óČ²µµ\C4IMap\C4IMapView_Init.cpp
D:\work\»óČ²µµ\C4IMap\C4IMapView_Menu.cpp
D:\work\»óČ²µµ\C4IMap\C4IMapView_MouseEvent.cpp
D:\work\»óČ²µµ\C4IMap\C4IMapView_Overlay.cpp
D:\work\»óČ²µµ\C4IMap\CaptureWindow.cpp
D:\work\»óČ²µµ\C4IMap\CaptureWindow.h
D:\work\»óČ²µµ\C4IMap\ClassView.cpp
D:\work\»óČ²µµ\C4IMap\ClassView.h
D:\work\»óČ²µµ\C4IMap\ComDefStringValue.h
D:\work\»óČ²µµ\C4IMap\control
D:\work\»óČ²µµ\C4IMap\CTest_OverItem.cpp
D:\work\»óČ²µµ\C4IMap\CTest_OverItem.h
D:\work\»óČ²µµ\C4IMap\Dbf.cpp
D:\work\»óČ²µµ\C4IMap\Dbf.h
D:\work\»óČ²µµ\C4IMap\Debug
D:\work\»óČ²µµ\C4IMap\DIBSectionLite.cpp
D:\work\»óČ²µµ\C4IMap\DIBSectionLite.h
D:\work\»óČ²µµ\C4IMap\DisplayElement.h
D:\work\»óČ²µµ\C4IMap\DlgObjectList.cpp
D:\work\»óČ²µµ\C4IMap\DlgObjectList.h
D:\work\»óČ²µµ\C4IMap\DlgOverlayControler.cpp
D:\work\»óČ²µµ\C4IMap\DlgOverlayControler.h
D:\work\»óČ²µµ\C4IMap\DlgOverlayEditObject.cpp
D:\work\»óČ²µµ\C4IMap\DlgOverlayEditObject.h
D:\work\»óČ²µµ\C4IMap\DlgOverlayEidtObjectPoint.cpp
D:\work\»óČ²µµ\C4IMap\DlgOverlayEidtObjectPoint.h
D:\work\»óČ²µµ\C4IMap\DlgOverlayLineStyle.cpp
D:\work\»óČ²µµ\C4IMap\DlgOverlayLineStyle.h
D:\work\»óČ²µµ\C4IMap\DlgOverlayProperty.cpp
D:\work\»óČ²µµ\C4IMap\DlgOverlayProperty.h
D:\work\»óČ²µµ\C4IMap\DlgOverlayTextEdit.cpp
D:\work\»óČ²µµ\C4IMap\DlgOverlayTextEdit.h
D:\work\»óČ²µµ\C4IMap\FileFinder.cpp
D:\work\»óČ²µµ\C4IMap\FileFinder.h
D:\work\»óČ²µµ\C4IMap\FilePath.cpp
D:\work\»óČ²µµ\C4IMap\FilePath.h
D:\work\»óČ²µµ\C4IMap\FileView.cpp
D:\work\»óČ²µµ\C4IMap\FileView.h
D:\work\»óČ²µµ\C4IMap\Flags.h
D:\work\»óČ²µµ\C4IMap\framework.h
D:\work\»óČ²µµ\C4IMap\GColorData.cpp
D:\work\»óČ²µµ\C4IMap\GColorData.h
D:\work\»óČ²µµ\C4IMap\GdiplusH.h
D:\work\»óČ²µµ\C4IMap\GEnvVar.cpp
D:\work\»óČ²µµ\C4IMap\GEnvVar.h
D:\work\»óČ²µµ\C4IMap\GFileUtil.cpp
D:\work\»óČ²µµ\C4IMap\GFileUtil.h
D:\work\»óČ²µµ\C4IMap\GLib.cpp
D:\work\»óČ²µµ\C4IMap\GLib.h
D:\work\»óČ²µµ\C4IMap\GLibColor.cpp
D:\work\»óČ²µµ\C4IMap\GLibRes.cpp
D:\work\»óČ²µµ\C4IMap\GlobalInfo.h
D:\work\»óČ²µµ\C4IMap\GlobalVar.h
D:\work\»óČ²µµ\C4IMap\GMapDisplayMgr.cpp
D:\work\»óČ²µµ\C4IMap\GMapDisplayMgr.h
D:\work\»óČ²µµ\C4IMap\GMapInfo.cpp
D:\work\»óČ²µµ\C4IMap\GMapInfo.h
D:\work\»óČ²µµ\C4IMap\GMapLib.cpp
D:\work\»óČ²µµ\C4IMap\GMapLib.h
D:\work\»óČ²µµ\C4IMap\GMessenger.cpp
D:\work\»óČ²µµ\C4IMap\GMessenger.h
D:\work\»óČ²µµ\C4IMap\GPoint.cpp
D:\work\»óČ²µµ\C4IMap\GPoint.h
D:\work\»óČ²µµ\C4IMap\GStatusFlag.cpp
D:\work\»óČ²µµ\C4IMap\GStatusFlag.h
D:\work\»óČ²µµ\C4IMap\GViewInfo.cpp
D:\work\»óČ²µµ\C4IMap\GViewInfo.h
D:\work\»óČ²µµ\C4IMap\IndexMapView.cpp
D:\work\»óČ²µµ\C4IMap\IndexMapView.h
D:\work\»óČ²µµ\C4IMap\IndexMapWnd.cpp
D:\work\»óČ²µµ\C4IMap\IndexMapWnd.h
D:\work\»óČ²µµ\C4IMap\Ini.cpp
D:\work\»óČ²µµ\C4IMap\Ini.h
D:\work\»óČ²µµ\C4IMap\Initiator.cpp
D:\work\»óČ²µµ\C4IMap\Initiator.h
D:\work\»óČ²µµ\C4IMap\io.cpp
D:\work\»óČ²µµ\C4IMap\io.hpp
D:\work\»óČ²µµ\C4IMap\ItemView.cpp
D:\work\»óČ²µµ\C4IMap\ItemView.h
D:\work\»óČ²µµ\C4IMap\LayerView.cpp
D:\work\»óČ²µµ\C4IMap\LayerView.h
D:\work\»óČ²µµ\C4IMap\list.log
D:\work\»óČ²µµ\C4IMap\MainFrm.cpp
D:\work\»óČ²µµ\C4IMap\MainFrm.h
D:\work\»óČ²µµ\C4IMap\MapConfigMgr.cpp
D:\work\»óČ²µµ\C4IMap\MapConfigMgr.h
D:\work\»óČ²µµ\C4IMap\MapDataMgr.cpp
D:\work\»óČ²µµ\C4IMap\MapDataMgr.h
D:\work\»óČ²µµ\C4IMap\MapGeneratorDlg.cpp
D:\work\»óČ²µµ\C4IMap\MapGeneratorDlg.h
D:\work\»óČ²µµ\C4IMap\MapObjectManager.cpp
D:\work\»óČ²µµ\C4IMap\MapObjectManager.h
D:\work\»óČ²µµ\C4IMap\MapObjectOrderList.cpp
D:\work\»óČ²µµ\C4IMap\MapObjectOrderList.h
D:\work\»óČ²µµ\C4IMap\MapObjectViewTree.cpp
D:\work\»óČ²µµ\C4IMap\MapObjectViewTree.h
D:\work\»óČ²µµ\C4IMap\MapPropertiesWnd.cpp
D:\work\»óČ²µµ\C4IMap\MapPropertiesWnd.h
D:\work\»óČ²µµ\C4IMap\MapWMSClient.cpp
D:\work\»óČ²µµ\C4IMap\MapWMSClient.h
D:\work\»óČ²µµ\C4IMap\Markup.cpp
D:\work\»óČ²µµ\C4IMap\MessageDefine.h
D:\work\»óČ²µµ\C4IMap\MilitarySymbol.cpp
D:\work\»óČ²µµ\C4IMap\MilitarySymbol.h
D:\work\»óČ²µµ\C4IMap\ObjectProp.cpp
D:\work\»óČ²µµ\C4IMap\ObjectProp.h
D:\work\»óČ²µµ\C4IMap\ObjectThread.cpp
D:\work\»óČ²µµ\C4IMap\ObjectThread.h
D:\work\»óČ²µµ\C4IMap\Options.cpp
D:\work\»óČ²µµ\C4IMap\Options.h
D:\work\»óČ²µµ\C4IMap\OptionsTreeCtrl.cpp
D:\work\»óČ²µµ\C4IMap\OptionsTreeCtrl.h
D:\work\»óČ²µµ\C4IMap\OutputLogList.cpp
D:\work\»óČ²µµ\C4IMap\OutputLogList.h
D:\work\»óČ²µµ\C4IMap\OutputSearchList.cpp
D:\work\»óČ²µµ\C4IMap\OutputSearchList.h
D:\work\»óČ²µµ\C4IMap\OutputWnd.cpp
D:\work\»óČ²µµ\C4IMap\OutputWnd.h
D:\work\»óČ²µµ\C4IMap\OverlayFileMgr
D:\work\»óČ²µµ\C4IMap\OverlayItemView.cpp
D:\work\»óČ²µµ\C4IMap\OverlayItemView.h
D:\work\»óČ²µµ\C4IMap\OverlayLayerView.cpp
D:\work\»óČ²µµ\C4IMap\OverlayLayerView.h
D:\work\»óČ²µµ\C4IMap\OverlayMain.cpp
D:\work\»óČ²µµ\C4IMap\OverlayMain.h
D:\work\»óČ²µµ\C4IMap\OverlayObjectView.cpp
D:\work\»óČ²µµ\C4IMap\OverlayObjectView.h
D:\work\»óČ²µµ\C4IMap\OverlayObjectViewTree.cpp
D:\work\»óČ²µµ\C4IMap\OverlayObjectViewTree.h
D:\work\»óČ²µµ\C4IMap\OverlayPropertiesWnd.cpp
D:\work\»óČ²µµ\C4IMap\OverlayPropertiesWnd.h
D:\work\»óČ²µµ\C4IMap\OverlayView.cpp
D:\work\»óČ²µµ\C4IMap\OverlayView.h
D:\work\»óČ²µµ\C4IMap\PathFile.cpp
D:\work\»óČ²µµ\C4IMap\PathFile.h
D:\work\»óČ²µµ\C4IMap\pch.cpp
D:\work\»óČ²µµ\C4IMap\pch.h
D:\work\»óČ²µµ\C4IMap\PointDisplay.cpp
D:\work\»óČ²µµ\C4IMap\PointDisplay.h
D:\work\»óČ²µµ\C4IMap\pointStruct.h
D:\work\»óČ²µµ\C4IMap\PPDrawManager.cpp
D:\work\»óČ²µµ\C4IMap\PPDrawManager.h
D:\work\»óČ²µµ\C4IMap\PPHtmlDrawer.cpp
D:\work\»óČ²µµ\C4IMap\PPHtmlDrawer.h
D:\work\»óČ²µµ\C4IMap\PPTooltip.cpp
D:\work\»óČ²µµ\C4IMap\PPTooltip.h
D:\work\»óČ²µµ\C4IMap\PropertiesWnd.cpp
D:\work\»óČ²µµ\C4IMap\PropertiesWnd.h
D:\work\»óČ²µµ\C4IMap\RasterMgr.cpp
D:\work\»óČ²µµ\C4IMap\RasterMgr.h
D:\work\»óČ²µµ\C4IMap\Release
D:\work\»óČ²µµ\C4IMap\res
D:\work\»óČ²µµ\C4IMap\resource.h
D:\work\»óČ²µµ\C4IMap\SafeQueue.cpp
D:\work\»óČ²µµ\C4IMap\SafeQueue.h
D:\work\»óČ²µµ\C4IMap\ShapeT.cpp
D:\work\»óČ²µµ\C4IMap\ShapeT.h
D:\work\»óČ²µµ\C4IMap\Shp.cpp
D:\work\»óČ²µµ\C4IMap\Shp.h
D:\work\»óČ²µµ\C4IMap\shpCommon.h
D:\work\»óČ²µµ\C4IMap\shpDBF.cpp
D:\work\»óČ²µµ\C4IMap\shpDBF.h
D:\work\»óČ²µµ\C4IMap\ShpMgr.cpp
D:\work\»óČ²µµ\C4IMap\ShpMgr.h
D:\work\»óČ²µµ\C4IMap\shpMultiPoint.cpp
D:\work\»óČ²µµ\C4IMap\shpMultiPoint.h
D:\work\»óČ²µµ\C4IMap\shpObject.cpp
D:\work\»óČ²µµ\C4IMap\shpObject.h
D:\work\»óČ²µµ\C4IMap\shpPoint.cpp
D:\work\»óČ²µµ\C4IMap\shpPoint.h
D:\work\»óČ²µµ\C4IMap\shpPoly.cpp
D:\work\»óČ²µµ\C4IMap\shpPoly.h
D:\work\»óČ²µµ\C4IMap\shpPolygon.cpp
D:\work\»óČ²µµ\C4IMap\shpPolygon.h
D:\work\»óČ²µµ\C4IMap\targetver.h
D:\work\»óČ²µµ\C4IMap\TmsMgr.cpp
D:\work\»óČ²µµ\C4IMap\TmsMgr.h
D:\work\»óČ²µµ\C4IMap\TypeView.cpp
D:\work\»óČ²µµ\C4IMap\TypeView.h
D:\work\»óČ²µµ\C4IMap\ViewingFilterDlg.cpp
D:\work\»óČ²µµ\C4IMap\ViewingFilterDlg.h
D:\work\»óČ²µµ\C4IMap\ViewList.cpp
D:\work\»óČ²µµ\C4IMap\ViewList.h
D:\work\»óČ²µµ\C4IMap\ViewTree.cpp
D:\work\»óČ²µµ\C4IMap\ViewTree.h
D:\work\»óČ²µµ\C4IMap\WinMsgSpec.h
D:\work\»óČ²µµ\C4IMap\XMLControl.cpp
D:\work\»óČ²µµ\C4IMap\XMLControl.h
D:\work\»óČ²µµ\C4IMap\.vs\C4IMap
D:\work\»óČ²µµ\C4IMap\.vs\C4IMap\v16
D:\work\»óČ²µµ\C4IMap\.vs\C4IMap\v16\Browse.VC.db
D:\work\»óČ²µµ\C4IMap\.vs\C4IMap\v16\Browse.VC.db-shm
D:\work\»óČ²µµ\C4IMap\.vs\C4IMap\v16\Browse.VC.db-wal
D:\work\»óČ²µµ\C4IMap\.vs\C4IMap\v16\ipch
D:\work\»óČ²µµ\C4IMap\.vs\C4IMap\v16\ipch\516afc87d41a63d.ipch
D:\work\»óČ²µµ\C4IMap\.vs\C4IMap\v16\ipch\5ce3a7f2f039da9a.ipch
D:\work\»óČ²µµ\C4IMap\.vs\C4IMap\v16\ipch\616479f22e4bf456.ipch
D:\work\»óČ²µµ\C4IMap\.vs\C4IMap\v16\ipch\a05d5b745eec5a6e.ipch
D:\work\»óČ²µµ\C4IMap\.vs\C4IMap\v16\ipch\adcb603660d3e30e.ipch
D:\work\»óČ²µµ\C4IMap\.vs\C4IMap\v16\ipch\AutoPCH
D:\work\»óČ²µµ\C4IMap\.vs\C4IMap\v16\ipch\b19d1096e88c7d41.ipch
D:\work\»óČ²µµ\C4IMap\.vs\C4IMap\v16\ipch\dfcf3ce288917801.ipch
D:\work\»óČ²µµ\C4IMap\.vs\C4IMap\v16\ipch\AutoPCH\1264db4f071b25a4
D:\work\»óČ²µµ\C4IMap\.vs\C4IMap\v16\ipch\AutoPCH\146557936241bb85
D:\work\»óČ²µµ\C4IMap\.vs\C4IMap\v16\ipch\AutoPCH\1526c16ad157918
D:\work\»óČ²µµ\C4IMap\.vs\C4IMap\v16\ipch\AutoPCH\16d58c910ea7a18d
D:\work\»óČ²µµ\C4IMap\.vs\C4IMap\v16\ipch\AutoPCH\176e6ea9d77bb24
D:\work\»óČ²µµ\C4IMap\.vs\C4IMap\v16\ipch\AutoPCH\17d02ae545ea947e
D:\work\»óČ²µµ\C4IMap\.vs\C4IMap\v16\ipch\AutoPCH\1b2450d8c4a1f50c
D:\work\»óČ²µµ\C4IMap\.vs\C4IMap\v16\ipch\AutoPCH\1c68515aa22bf799
D:\work\»óČ²µµ\C4IMap\.vs\C4IMap\v16\ipch\AutoPCH\1d41981e57f276d8
D:\work\»óČ²µµ\C4IMap\.vs\C4IMap\v16\ipch\AutoPCH\1dce32616f4703d9
D:\work\»óČ²µµ\C4IMap\.vs\C4IMap\v16\ipch\AutoPCH\1e2d26bebd54005a
D:\work\»óČ²µµ\C4IMap\.vs\C4IMap\v16\ipch\AutoPCH\227100642258af1c
D:\work\»óČ²µµ\C4IMap\.vs\C4IMap\v16\ipch\AutoPCH\247c16d672985114
D:\work\»óČ²µµ\C4IMap\.vs\C4IMap\v16\ipch\AutoPCH\250ed4ba8cdfa1c8
D:\work\»óČ²µµ\C4IMap\.vs\C4IMap\v16\ipch\AutoPCH\2587c373264b5396
D:\work\»óČ²µµ\C4IMap\.vs\C4IMap\v16\ipch\AutoPCH\288b424158978e3b
D:\work\»óČ²µµ\C4IMap\.vs\C4IMap\v16\ipch\AutoPCH\28a9bba2383ace81
D:\work\»óČ²µµ\C4IMap\.vs\C4IMap\v16\ipch\AutoPCH\2b7e90be15202709
D:\work\»óČ²µµ\C4IMap\.vs\C4IMap\v16\ipch\AutoPCH\2ca138bebf9cf33d
D:\work\»óČ²µµ\C4IMap\.vs\C4IMap\v16\ipch\AutoPCH\304fc4c64758c1ef
D:\work\»óČ²µµ\C4IMap\.vs\C4IMap\v16\ipch\AutoPCH\363ddf1a8b4f5b86
D:\work\»óČ²µµ\C4IMap\.vs\C4IMap\v16\ipch\AutoPCH\371878d8713934dc
D:\work\»óČ²µµ\C4IMap\.vs\C4IMap\v16\ipch\AutoPCH\3dc093c1b32746da
D:\work\»óČ²µµ\C4IMap\.vs\C4IMap\v16\ipch\AutoPCH\3fb73bd1d8e4cfb5
D:\work\»óČ²µµ\C4IMap\.vs\C4IMap\v16\ipch\AutoPCH\41acbddedc7f7663
D:\work\»óČ²µµ\C4IMap\.vs\C4IMap\v16\ipch\AutoPCH\4316575429b87def
D:\work\»óČ²µµ\C4IMap\.vs\C4IMap\v16\ipch\AutoPCH\4387a02a5fd7eeeb
D:\work\»óČ²µµ\C4IMap\.vs\C4IMap\v16\ipch\AutoPCH\47b6628d6f60cb41
D:\work\»óČ²µµ\C4IMap\.vs\C4IMap\v16\ipch\AutoPCH\49489f6a8fe35654
D:\work\»óČ²µµ\C4IMap\.vs\C4IMap\v16\ipch\AutoPCH\4bf6155820352462
D:\work\»óČ²µµ\C4IMap\.vs\C4IMap\v16\ipch\AutoPCH\4eb042cde3973503
D:\work\»óČ²µµ\C4IMap\.vs\C4IMap\v16\ipch\AutoPCH\4ec54cacab2c70d3
D:\work\»óČ²µµ\C4IMap\.vs\C4IMap\v16\ipch\AutoPCH\505cd415952bc1af
D:\work\»óČ²µµ\C4IMap\.vs\C4IMap\v16\ipch\AutoPCH\51a412bb3b0e55ba
D:\work\»óČ²µµ\C4IMap\.vs\C4IMap\v16\ipch\AutoPCH\55278eddd50374e0
D:\work\»óČ²µµ\C4IMap\.vs\C4IMap\v16\ipch\AutoPCH\56a0cbdc6ac37d05
D:\work\»óČ²µµ\C4IMap\.vs\C4IMap\v16\ipch\AutoPCH\5c61b2fd437df724
D:\work\»óČ²µµ\C4IMap\.vs\C4IMap\v16\ipch\AutoPCH\5ce2658590b58980
D:\work\»óČ²µµ\C4IMap\.vs\C4IMap\v16\ipch\AutoPCH\5f7d73f1dd4dde3d
D:\work\»óČ²µµ\C4IMap\.vs\C4IMap\v16\ipch\AutoPCH\5f8aa5c3d3cd4967
D:\work\»óČ²µµ\C4IMap\.vs\C4IMap\v16\ipch\AutoPCH\60fe06b8421a5734
D:\work\»óČ²µµ\C4IMap\.vs\C4IMap\v16\ipch\AutoPCH\6172fd499e318ac6
D:\work\»óČ²µµ\C4IMap\.vs\C4IMap\v16\ipch\AutoPCH\62f902d667d2e9dd
D:\work\»óČ²µµ\C4IMap\.vs\C4IMap\v16\ipch\AutoPCH\660a803535a36502
D:\work\»óČ²µµ\C4IMap\.vs\C4IMap\v16\ipch\AutoPCH\668509a5bde8f031
D:\work\»óČ²µµ\C4IMap\.vs\C4IMap\v16\ipch\AutoPCH\66f5bf6ea1e612ab
D:\work\»óČ²µµ\C4IMap\.vs\C4IMap\v16\ipch\AutoPCH\6a846b72a6e374c3
D:\work\»óČ²µµ\C4IMap\.vs\C4IMap\v16\ipch\AutoPCH\6d15120f270dcd71
D:\work\»óČ²µµ\C4IMap\.vs\C4IMap\v16\ipch\AutoPCH\6e2af19be11a2a73
D:\work\»óČ²µµ\C4IMap\.vs\C4IMap\v16\ipch\AutoPCH\6f2badad65ea3248
D:\work\»óČ²µµ\C4IMap\.vs\C4IMap\v16\ipch\AutoPCH\71054d96a84f8f3a
D:\work\»óČ²µµ\C4IMap\.vs\C4IMap\v16\ipch\AutoPCH\71977409c53a6ebf
D:\work\»óČ²µµ\C4IMap\.vs\C4IMap\v16\ipch\AutoPCH\74adf0fc45ff597a
D:\work\»óČ²µµ\C4IMap\.vs\C4IMap\v16\ipch\AutoPCH\75242afa4f0112b6
D:\work\»óČ²µµ\C4IMap\.vs\C4IMap\v16\ipch\AutoPCH\76dbb7960015ca2d
D:\work\»óČ²µµ\C4IMap\.vs\C4IMap\v16\ipch\AutoPCH\799ec2170d26817a
D:\work\»óČ²µµ\C4IMap\.vs\C4IMap\v16\ipch\AutoPCH\7c9269c246f5d2fa
D:\work\»óČ²µµ\C4IMap\.vs\C4IMap\v16\ipch\AutoPCH\7d9d3280da47a64d
D:\work\»óČ²µµ\C4IMap\.vs\C4IMap\v16\ipch\AutoPCH\7ec7589f7a587ce4
D:\work\»óČ²µµ\C4IMap\.vs\C4IMap\v16\ipch\AutoPCH\80aacc1b1b207a8a
D:\work\»óČ²µµ\C4IMap\.vs\C4IMap\v16\ipch\AutoPCH\80e1bbf8310146d3
D:\work\»óČ²µµ\C4IMap\.vs\C4IMap\v16\ipch\AutoPCH\837e9e782d6abdf1
D:\work\»óČ²µµ\C4IMap\.vs\C4IMap\v16\ipch\AutoPCH\838fa214b3bcca80
D:\work\»óČ²µµ\C4IMap\.vs\C4IMap\v16\ipch\AutoPCH\83ac29502955f5ef
D:\work\»óČ²µµ\C4IMap\.vs\C4IMap\v16\ipch\AutoPCH\847c767077c4a86a
D:\work\»óČ²µµ\C4IMap\.vs\C4IMap\v16\ipch\AutoPCH\885ec5b5c21834a5
D:\work\»óČ²µµ\C4IMap\.vs\C4IMap\v16\ipch\AutoPCH\88a523f612644783
D:\work\»óČ²µµ\C4IMap\.vs\C4IMap\v16\ipch\AutoPCH\8c6f0863a7147586
D:\work\»óČ²µµ\C4IMap\.vs\C4IMap\v16\ipch\AutoPCH\8e40825dbcd62ec5
D:\work\»óČ²µµ\C4IMap\.vs\C4IMap\v16\ipch\AutoPCH\90d53d052e689c66
D:\work\»óČ²µµ\C4IMap\.vs\C4IMap\v16\ipch\AutoPCH\95259eb6568402ff
D:\work\»óČ²µµ\C4IMap\.vs\C4IMap\v16\ipch\AutoPCH\9552c901fca16225
D:\work\»óČ²µµ\C4IMap\.vs\C4IMap\v16\ipch\AutoPCH\95ad65e2ee2f0d33
D:\work\»óČ²µµ\C4IMap\.vs\C4IMap\v16\ipch\AutoPCH\967343abe30d98dd
D:\work\»óČ²µµ\C4IMap\.vs\C4IMap\v16\ipch\AutoPCH\96a8cd13b0d7f193
D:\work\»óČ²µµ\C4IMap\.vs\C4IMap\v16\ipch\AutoPCH\97891ca2e056d28b
D:\work\»óČ²µµ\C4IMap\.vs\C4IMap\v16\ipch\AutoPCH\9873cae818071ac2
D:\work\»óČ²µµ\C4IMap\.vs\C4IMap\v16\ipch\AutoPCH\989e56adcf002484
D:\work\»óČ²µµ\C4IMap\.vs\C4IMap\v16\ipch\AutoPCH\9fde59e6f81bcfef
D:\work\»óČ²µµ\C4IMap\.vs\C4IMap\v16\ipch\AutoPCH\9ff6c7c6cae1214e
D:\work\»óČ²µµ\C4IMap\.vs\C4IMap\v16\ipch\AutoPCH\a0f6e5a40b795f
D:\work\»óČ²µµ\C4IMap\.vs\C4IMap\v16\ipch\AutoPCH\a1d97d4577840636
D:\work\»óČ²µµ\C4IMap\.vs\C4IMap\v16\ipch\AutoPCH\a34bfcc61aae64ca
D:\work\»óČ²µµ\C4IMap\.vs\C4IMap\v16\ipch\AutoPCH\a3d3ef59083fda26
D:\work\»óČ²µµ\C4IMap\.vs\C4IMap\v16\ipch\AutoPCH\a464dd0963acc918
D:\work\»óČ²µµ\C4IMap\.vs\C4IMap\v16\ipch\AutoPCH\a5a1e1e7d25bfa26
D:\work\»óČ²µµ\C4IMap\.vs\C4IMap\v16\ipch\AutoPCH\a6b3e7979148d179
D:\work\»óČ²µµ\C4IMap\.vs\C4IMap\v16\ipch\AutoPCH\a6d0b71a576a34f1
D:\work\»óČ²µµ\C4IMap\.vs\C4IMap\v16\ipch\AutoPCH\a930dc1132fd06e4
D:\work\»óČ²µµ\C4IMap\.vs\C4IMap\v16\ipch\AutoPCH\a9a3978f5bf34c1d
D:\work\»óČ²µµ\C4IMap\.vs\C4IMap\v16\ipch\AutoPCH\a9afc61f0566a9b0
D:\work\»óČ²µµ\C4IMap\.vs\C4IMap\v16\ipch\AutoPCH\aa67c581183a6139
D:\work\»óČ²µµ\C4IMap\.vs\C4IMap\v16\ipch\AutoPCH\ae68ca8a5291d1f
D:\work\»óČ²µµ\C4IMap\.vs\C4IMap\v16\ipch\AutoPCH\b10496dafef928bf
D:\work\»óČ²µµ\C4IMap\.vs\C4IMap\v16\ipch\AutoPCH\b6ec75fa401c524d
D:\work\»óČ²µµ\C4IMap\.vs\C4IMap\v16\ipch\AutoPCH\b98b7c71575a9dfa
D:\work\»óČ²µµ\C4IMap\.vs\C4IMap\v16\ipch\AutoPCH\ba00415beabd13df
D:\work\»óČ²µµ\C4IMap\.vs\C4IMap\v16\ipch\AutoPCH\bdd343ad7de73893
D:\work\»óČ²µµ\C4IMap\.vs\C4IMap\v16\ipch\AutoPCH\be29b975ba8d1499
D:\work\»óČ²µµ\C4IMap\.vs\C4IMap\v16\ipch\AutoPCH\c1607a52b775dc02
D:\work\»óČ²µµ\C4IMap\.vs\C4IMap\v16\ipch\AutoPCH\c1cfd3edd3aea612
D:\work\»óČ²µµ\C4IMap\.vs\C4IMap\v16\ipch\AutoPCH\c42317958d03020
D:\work\»óČ²µµ\C4IMap\.vs\C4IMap\v16\ipch\AutoPCH\c797f97a412f5924
D:\work\»óČ²µµ\C4IMap\.vs\C4IMap\v16\ipch\AutoPCH\cc425361ecaf837d
D:\work\»óČ²µµ\C4IMap\.vs\C4IMap\v16\ipch\AutoPCH\ce0bf2f40e0b866d
D:\work\»óČ²µµ\C4IMap\.vs\C4IMap\v16\ipch\AutoPCH\cefca95c5403b933
D:\work\»óČ²µµ\C4IMap\.vs\C4IMap\v16\ipch\AutoPCH\cf4c06f88d9385e0
D:\work\»óČ²µµ\C4IMap\.vs\C4IMap\v16\ipch\AutoPCH\cf817e2349c8a9fa
D:\work\»óČ²µµ\C4IMap\.vs\C4IMap\v16\ipch\AutoPCH\d2817693b8176e26
D:\work\»óČ²µµ\C4IMap\.vs\C4IMap\v16\ipch\AutoPCH\d2f4ab8fe2f13dd7
D:\work\»óČ²µµ\C4IMap\.vs\C4IMap\v16\ipch\AutoPCH\d336d72d2db55813
D:\work\»óČ²µµ\C4IMap\.vs\C4IMap\v16\ipch\AutoPCH\d4ae25d336709888
D:\work\»óČ²µµ\C4IMap\.vs\C4IMap\v16\ipch\AutoPCH\d4b95ca7bf4b342e
D:\work\»óČ²µµ\C4IMap\.vs\C4IMap\v16\ipch\AutoPCH\d6e434d8a2b6be87
D:\work\»óČ²µµ\C4IMap\.vs\C4IMap\v16\ipch\AutoPCH\d7304454d53a4b4b
D:\work\»óČ²µµ\C4IMap\.vs\C4IMap\v16\ipch\AutoPCH\d8e84c15bb8fe8cd
D:\work\»óČ²µµ\C4IMap\.vs\C4IMap\v16\ipch\AutoPCH\dcc9876e9edad63a
D:\work\»óČ²µµ\C4IMap\.vs\C4IMap\v16\ipch\AutoPCH\df1fb7ebbbc2375a
D:\work\»óČ²µµ\C4IMap\.vs\C4IMap\v16\ipch\AutoPCH\df6a20b27172405d
D:\work\»óČ²µµ\C4IMap\.vs\C4IMap\v16\ipch\AutoPCH\dfa558f64f61a059
D:\work\»óČ²µµ\C4IMap\.vs\C4IMap\v16\ipch\AutoPCH\e0a18681f2fe1105
D:\work\»óČ²µµ\C4IMap\.vs\C4IMap\v16\ipch\AutoPCH\e369157f3b259b64
D:\work\»óČ²µµ\C4IMap\.vs\C4IMap\v16\ipch\AutoPCH\e4a7e37d4d0b73ad
D:\work\»óČ²µµ\C4IMap\.vs\C4IMap\v16\ipch\AutoPCH\e4de2f60465738b
D:\work\»óČ²µµ\C4IMap\.vs\C4IMap\v16\ipch\AutoPCH\e6a5c58069eff1ab
D:\work\»óČ²µµ\C4IMap\.vs\C4IMap\v16\ipch\AutoPCH\e9ac05c4ca44a015
D:\work\»óČ²µµ\C4IMap\.vs\C4IMap\v16\ipch\AutoPCH\e9d32388beb17f9f
D:\work\»óČ²µµ\C4IMap\.vs\C4IMap\v16\ipch\AutoPCH\eb3866d07f30427
D:\work\»óČ²µµ\C4IMap\.vs\C4IMap\v16\ipch\AutoPCH\eba01c9ce514babb
D:\work\»óČ²µµ\C4IMap\.vs\C4IMap\v16\ipch\AutoPCH\ecb07dc921c91491
D:\work\»óČ²µµ\C4IMap\.vs\C4IMap\v16\ipch\AutoPCH\ee4775cb93f0159d
D:\work\»óČ²µµ\C4IMap\.vs\C4IMap\v16\ipch\AutoPCH\eeb32d72847f5dc8
D:\work\»óČ²µµ\C4IMap\.vs\C4IMap\v16\ipch\AutoPCH\eed562622951b804
D:\work\»óČ²µµ\C4IMap\.vs\C4IMap\v16\ipch\AutoPCH\f283b40bcc718af6
D:\work\»óČ²µµ\C4IMap\.vs\C4IMap\v16\ipch\AutoPCH\f7539830ef71eca5
D:\work\»óČ²µµ\C4IMap\.vs\C4IMap\v16\ipch\AutoPCH\fa450d2c63c4deec
D:\work\»óČ²µµ\C4IMap\.vs\C4IMap\v16\ipch\AutoPCH\fe5af6c6ae6d2989
D:\work\»óČ²µµ\C4IMap\.vs\C4IMap\v16\ipch\AutoPCH\ffc6b9a0d7a7914c
D:\work\»óČ²µµ\C4IMap\.vs\C4IMap\v16\ipch\AutoPCH\1e2d26bebd54005a\APPMODUL.ipch
D:\work\»óČ²µµ\C4IMap\.vs\C4IMap\v16\ipch\AutoPCH\288b424158978e3b\WINCORE.ipch
D:\work\»óČ²µµ\C4IMap\.vs\C4IMap\v16\ipch\AutoPCH\28a9bba2383ace81\COLORPICKER.ipch
D:\work\»óČ²µµ\C4IMap\.vs\C4IMap\v16\ipch\AutoPCH\3fb73bd1d8e4cfb5\WINCORE.ipch
D:\work\»óČ²µµ\C4IMap\.vs\C4IMap\v16\ipch\AutoPCH\4bf6155820352462\AFXMEM.ipch
D:\work\»óČ²µµ\C4IMap\.vs\C4IMap\v16\ipch\AutoPCH\5f7d73f1dd4dde3d\LAYERMANAGER.ipch
D:\work\»óČ²µµ\C4IMap\.vs\C4IMap\v16\ipch\AutoPCH\66f5bf6ea1e612ab\WINFRM.ipch
D:\work\»óČ²µµ\C4IMap\.vs\C4IMap\v16\ipch\AutoPCH\6a846b72a6e374c3\COLORBUTTON.ipch
D:\work\»óČ²µµ\C4IMap\.vs\C4IMap\v16\ipch\AutoPCH\71977409c53a6ebf\WINCORE.ipch
D:\work\»óČ²µµ\C4IMap\.vs\C4IMap\v16\ipch\AutoPCH\7d9d3280da47a64d\WINCORE.ipch
D:\work\»óČ²µµ\C4IMap\.vs\C4IMap\v16\ipch\AutoPCH\847c767077c4a86a\AFXSTATE.ipch
D:\work\»óČ²µµ\C4IMap\.vs\C4IMap\v16\ipch\AutoPCH\95ad65e2ee2f0d33\TOOLTIP.ipch
D:\work\»óČ²µµ\C4IMap\.vs\C4IMap\v16\ipch\AutoPCH\97891ca2e056d28b\AFXMEM.ipch
D:\work\»óČ²µµ\C4IMap\.vs\C4IMap\v16\ipch\AutoPCH\a1d97d4577840636\OBJCORE.ipch
D:\work\»óČ²µµ\C4IMap\.vs\C4IMap\v16\ipch\AutoPCH\a9a3978f5bf34c1d\EXCEPT.ipch
D:\work\»óČ²µµ\C4IMap\.vs\C4IMap\v16\ipch\AutoPCH\c42317958d03020\AFXSTATE.ipch
D:\work\»óČ²µµ\C4IMap\.vs\C4IMap\v16\ipch\AutoPCH\d4ae25d336709888\DLLINIT.ipch
D:\work\»óČ²µµ\C4IMap\.vs\C4IMap\v16\ipch\AutoPCH\d8e84c15bb8fe8cd\WINCORE.ipch
D:\work\»óČ²µµ\C4IMap\.vs\C4IMap\v16\ipch\AutoPCH\e9ac05c4ca44a015\COLORSTATIC.ipch
D:\work\»óČ²µµ\C4IMap\.vs\C4IMap\v16\ipch\AutoPCH\eb3866d07f30427\OVERLAYEVENTMGR.ipch
D:\work\»óČ²µµ\C4IMap\.vs\C4IMap\v16\ipch\AutoPCH\eeb32d72847f5dc8\AFXSTATE.ipch
D:\work\»óČ²µµ\C4IMap\.vs\C4IMap\v16\ipch\AutoPCH\fa450d2c63c4deec\EXCEPT.ipch
D:\work\»óČ²µµ\C4IMap\control\BCMenu.cpp
D:\work\»óČ²µµ\C4IMap\control\BCMenu.h
D:\work\»óČ²µµ\C4IMap\control\BtnST.cpp
D:\work\»óČ²µµ\C4IMap\control\BtnST.h
D:\work\»óČ²µµ\C4IMap\control\CeXDib.cpp
D:\work\»óČ²µµ\C4IMap\control\CeXDib.h
D:\work\»óČ²µµ\C4IMap\control\ColorBT.cpp
D:\work\»óČ²µµ\C4IMap\control\ColorBT.h
D:\work\»óČ²µµ\C4IMap\control\ColorButton.cpp
D:\work\»óČ²µµ\C4IMap\control\ColorButton.h
D:\work\»óČ²µµ\C4IMap\control\ColorDef.h
D:\work\»óČ²µµ\C4IMap\control\ColorPicker.cpp
D:\work\»óČ²µµ\C4IMap\control\ColorPicker.h
D:\work\»óČ²µµ\C4IMap\control\ColorPopup.cpp
D:\work\»óČ²µµ\C4IMap\control\ColorPopup.h
D:\work\»óČ²µµ\C4IMap\control\ColorStatic.cpp
D:\work\»óČ²µµ\C4IMap\control\ColorStatic.h
D:\work\»óČ²µµ\C4IMap\control\ControlToolTip.cpp
D:\work\»óČ²µµ\C4IMap\control\ControlToolTip.h
D:\work\»óČ²µµ\C4IMap\control\NewLabel.cpp
D:\work\»óČ²µµ\C4IMap\control\NewLabel.h
D:\work\»óČ²µµ\C4IMap\control\old
D:\work\»óČ²µµ\C4IMap\control\ShadeButtonST.cpp
D:\work\»óČ²µµ\C4IMap\control\ShadeButtonST.h
D:\work\»óČ²µµ\C4IMap\control\old\BCMenu.cpp
D:\work\»óČ²µµ\C4IMap\control\old\BCMenu.h
D:\work\»óČ²µµ\C4IMap\control\old\BCMenu_.cpp
D:\work\»óČ²µµ\C4IMap\control\old\BCMenu_.h
D:\work\»óČ²µµ\C4IMap\control\old\BtnST.cpp
D:\work\»óČ²µµ\C4IMap\control\old\BtnST.h
D:\work\»óČ²µµ\C4IMap\control\old\CeXDib.cpp
D:\work\»óČ²µµ\C4IMap\control\old\CeXDib.h
D:\work\»óČ²µµ\C4IMap\control\old\ColorBT.cpp
D:\work\»óČ²µµ\C4IMap\control\old\ColorBT.h
D:\work\»óČ²µµ\C4IMap\control\old\ColorButton.cpp
D:\work\»óČ²µµ\C4IMap\control\old\ColorButton.h
D:\work\»óČ²µµ\C4IMap\control\old\ColorDef.h
D:\work\»óČ²µµ\C4IMap\control\old\ColorPicker.cpp
D:\work\»óČ²µµ\C4IMap\control\old\ColorPicker.h
D:\work\»óČ²µµ\C4IMap\control\old\ColorPopup.cpp
D:\work\»óČ²µµ\C4IMap\control\old\ColorPopup.h
D:\work\»óČ²µµ\C4IMap\control\old\ColorStatic.cpp
D:\work\»óČ²µµ\C4IMap\control\old\ColorStatic.h
D:\work\»óČ²µµ\C4IMap\control\old\ControlToolTip.cpp
D:\work\»óČ²µµ\C4IMap\control\old\ControlToolTip.h
D:\work\»óČ²µµ\C4IMap\control\old\NewLabel.cpp
D:\work\»óČ²µµ\C4IMap\control\old\NewLabel.h
D:\work\»óČ²µµ\C4IMap\control\old\ShadeButtonST.cpp
D:\work\»óČ²µµ\C4IMap\control\old\ShadeButtonST.h
D:\work\»óČ²µµ\C4IMap\Debug\BCMenu.obj
D:\work\»óČ²µµ\C4IMap\Debug\BtnST.obj
D:\work\»óČ²µµ\C4IMap\Debug\C4IMap.Build.CppClean.log
D:\work\»óČ²µµ\C4IMap\Debug\C4IMap.exe.recipe
D:\work\»óČ²µµ\C4IMap\Debug\C4IMap.ilk
D:\work\»óČ²µµ\C4IMap\Debug\C4IMap.log
D:\work\»óČ²µµ\C4IMap\Debug\C4IMap.obj
D:\work\»óČ²µµ\C4IMap\Debug\C4IMap.pch
D:\work\»óČ²µµ\C4IMap\Debug\C4IMap.res
D:\work\»óČ²µµ\C4IMap\Debug\C4IMap.tlog
D:\work\»óČ²µµ\C4IMap\Debug\C4IMap.vcxproj.FileListAbsolute.txt
D:\work\»óČ²µµ\C4IMap\Debug\C4IMapDoc.obj
D:\work\»óČ²µµ\C4IMap\Debug\C4IMapView.obj
D:\work\»óČ²µµ\C4IMap\Debug\C4IMapView_Draw.obj
D:\work\»óČ²µµ\C4IMap\Debug\C4IMapView_Etc.obj
D:\work\»óČ²µµ\C4IMap\Debug\C4IMapView_Hitest.obj
D:\work\»óČ²µµ\C4IMap\Debug\C4IMapView_Init.obj
D:\work\»óČ²µµ\C4IMap\Debug\C4IMapView_Menu.obj
D:\work\»óČ²µµ\C4IMap\Debug\C4IMapView_MouseEvent.obj
D:\work\»óČ²µµ\C4IMap\Debug\C4IMapView_Overlay.obj
D:\work\»óČ²µµ\C4IMap\Debug\CaptureWindow.obj
D:\work\»óČ²µµ\C4IMap\Debug\CeXDib.obj
D:\work\»óČ²µµ\C4IMap\Debug\ColorBT.obj
D:\work\»óČ²µµ\C4IMap\Debug\ColorButton.obj
D:\work\»óČ²µµ\C4IMap\Debug\ColorPicker.obj
D:\work\»óČ²µµ\C4IMap\Debug\ColorPopup.obj
D:\work\»óČ²µµ\C4IMap\Debug\ColorStatic.obj
D:\work\»óČ²µµ\C4IMap\Debug\ControlToolTip.obj
D:\work\»óČ²µµ\C4IMap\Debug\Dbf.obj
D:\work\»óČ²µµ\C4IMap\Debug\DIBSectionLite.obj
D:\work\»óČ²µµ\C4IMap\Debug\DlgObjectList.obj
D:\work\»óČ²µµ\C4IMap\Debug\DlgOverlayControler.obj
D:\work\»óČ²µµ\C4IMap\Debug\DlgOverlayEditObject.obj
D:\work\»óČ²µµ\C4IMap\Debug\DlgOverlayEidtObjectPoint.obj
D:\work\»óČ²µµ\C4IMap\Debug\DlgOverlayProperty.obj
D:\work\»óČ²µµ\C4IMap\Debug\DlgOverlayTextEdit.obj
D:\work\»óČ²µµ\C4IMap\Debug\FileFinder.obj
D:\work\»óČ²µµ\C4IMap\Debug\FilePath.obj
D:\work\»óČ²µµ\C4IMap\Debug\GColorData.obj
D:\work\»óČ²µµ\C4IMap\Debug\GEnvVar.obj
D:\work\»óČ²µµ\C4IMap\Debug\GFileUtil.obj
D:\work\»óČ²µµ\C4IMap\Debug\GLib.obj
D:\work\»óČ²µµ\C4IMap\Debug\GLibColor.obj
D:\work\»óČ²µµ\C4IMap\Debug\GLibRes.obj
D:\work\»óČ²µµ\C4IMap\Debug\GMapInfo.obj
D:\work\»óČ²µµ\C4IMap\Debug\GMapLib.obj
D:\work\»óČ²µµ\C4IMap\Debug\GPoint.obj
D:\work\»óČ²µµ\C4IMap\Debug\GStatusFlag.obj
D:\work\»óČ²µµ\C4IMap\Debug\GViewInfo.obj
D:\work\»óČ²µµ\C4IMap\Debug\IndexMapView.obj
D:\work\»óČ²µµ\C4IMap\Debug\IndexMapWnd.obj
D:\work\»óČ²µµ\C4IMap\Debug\Ini.obj
D:\work\»óČ²µµ\C4IMap\Debug\Initiator.obj
D:\work\»óČ²µµ\C4IMap\Debug\io.obj
D:\work\»óČ²µµ\C4IMap\Debug\ItemView.obj
D:\work\»óČ²µµ\C4IMap\Debug\LayerView.obj
D:\work\»óČ²µµ\C4IMap\Debug\MainFrm.obj
D:\work\»óČ²µµ\C4IMap\Debug\MapConfigMgr.obj
D:\work\»óČ²µµ\C4IMap\Debug\MapDataMgr.obj
D:\work\»óČ²µµ\C4IMap\Debug\MapGeneratorDlg.obj
D:\work\»óČ²µµ\C4IMap\Debug\MapObjectManager.obj
D:\work\»óČ²µµ\C4IMap\Debug\MapObjectOrderList.obj
D:\work\»óČ²µµ\C4IMap\Debug\MapObjectViewTree.obj
D:\work\»óČ²µµ\C4IMap\Debug\MapPropertiesWnd.obj
D:\work\»óČ²µµ\C4IMap\Debug\Markup.obj
D:\work\»óČ²µµ\C4IMap\Debug\msxml6.tlh
D:\work\»óČ²µµ\C4IMap\Debug\msxml6.tli
D:\work\»óČ²µµ\C4IMap\Debug\ObjectProp.obj
D:\work\»óČ²µµ\C4IMap\Debug\ObjectThread.obj
D:\work\»óČ²µµ\C4IMap\Debug\OutputLogList.obj
D:\work\»óČ²µµ\C4IMap\Debug\OutputSearchList.obj
D:\work\»óČ²µµ\C4IMap\Debug\OutputWnd.obj
D:\work\»óČ²µµ\C4IMap\Debug\OverlayFileHeader.obj
D:\work\»óČ²µµ\C4IMap\Debug\OverlayFileMgr.obj
D:\work\»óČ²µµ\C4IMap\Debug\OverlayFileRecordCommon.obj
D:\work\»óČ²µµ\C4IMap\Debug\OverlayFileRecordHeader.obj
D:\work\»óČ²µµ\C4IMap\Debug\OverlayFileRecordImage.obj
D:\work\»óČ²µµ\C4IMap\Debug\OverlayFileRecordText.obj
D:\work\»óČ²µµ\C4IMap\Debug\OverlayMain.obj
D:\work\»óČ²µµ\C4IMap\Debug\OverlayView.obj
D:\work\»óČ²µµ\C4IMap\Debug\PathFile.obj
D:\work\»óČ²µµ\C4IMap\Debug\pch.obj
D:\work\»óČ²µµ\C4IMap\Debug\PointDisplay.obj
D:\work\»óČ²µµ\C4IMap\Debug\PPDrawManager.obj
D:\work\»óČ²µµ\C4IMap\Debug\PPHtmlDrawer.obj
D:\work\»óČ²µµ\C4IMap\Debug\PPTooltip.obj
D:\work\»óČ²µµ\C4IMap\Debug\PropertiesWnd.obj
D:\work\»óČ²µµ\C4IMap\Debug\RasterMgr.obj
D:\work\»óČ²µµ\C4IMap\Debug\SafeQueue.obj
D:\work\»óČ²µµ\C4IMap\Debug\ShadeButtonST.obj
D:\work\»óČ²µµ\C4IMap\Debug\ShapeT.obj
D:\work\»óČ²µµ\C4IMap\Debug\Shp.obj
D:\work\»óČ²µµ\C4IMap\Debug\shpDBF.obj
D:\work\»óČ²µµ\C4IMap\Debug\ShpMgr.obj
D:\work\»óČ²µµ\C4IMap\Debug\shpMultiPoint.obj
D:\work\»óČ²µµ\C4IMap\Debug\shpObject.obj
D:\work\»óČ²µµ\C4IMap\Debug\shpPoint.obj
D:\work\»óČ²µµ\C4IMap\Debug\shpPoly.obj
D:\work\»óČ²µµ\C4IMap\Debug\shpPolygon.obj
D:\work\»óČ²µµ\C4IMap\Debug\TmsMgr.obj
D:\work\»óČ²µµ\C4IMap\Debug\TypeView.obj
D:\work\»óČ²µµ\C4IMap\Debug\ViewList.obj
D:\work\»óČ²µµ\C4IMap\Debug\ViewTree.obj
D:\work\»óČ²µµ\C4IMap\Debug\XMLControl.obj
D:\work\»óČ²µµ\C4IMap\Debug\C4IMap.tlog\C4IMap.lastbuildstate
D:\work\»óČ²µµ\C4IMap\Debug\C4IMap.tlog\CL.command.1.tlog
D:\work\»óČ²µµ\C4IMap\Debug\C4IMap.tlog\CL.read.1.tlog
D:\work\»óČ²µµ\C4IMap\Debug\C4IMap.tlog\CL.write.1.tlog
D:\work\»óČ²µµ\C4IMap\Debug\C4IMap.tlog\link.command.1.tlog
D:\work\»óČ²µµ\C4IMap\Debug\C4IMap.tlog\link.read.1.tlog
D:\work\»óČ²µµ\C4IMap\Debug\C4IMap.tlog\link.write.1.tlog
D:\work\»óČ²µµ\C4IMap\Debug\C4IMap.tlog\rc.command.1.tlog
D:\work\»óČ²µµ\C4IMap\Debug\C4IMap.tlog\rc.read.1.tlog
D:\work\»óČ²µµ\C4IMap\Debug\C4IMap.tlog\rc.write.1.tlog
D:\work\»óČ²µµ\C4IMap\OverlayFileMgr\OverlayFileHeader.cpp
D:\work\»óČ²µµ\C4IMap\OverlayFileMgr\OverlayFileHeader.h
D:\work\»óČ²µµ\C4IMap\OverlayFileMgr\OverlayFileMgr.cpp
D:\work\»óČ²µµ\C4IMap\OverlayFileMgr\OverlayFileMgr.h
D:\work\»óČ²µµ\C4IMap\OverlayFileMgr\OverlayFileRecordCommon.cpp
D:\work\»óČ²µµ\C4IMap\OverlayFileMgr\OverlayFileRecordCommon.h
D:\work\»óČ²µµ\C4IMap\OverlayFileMgr\OverlayFileRecordHeader.cpp
D:\work\»óČ²µµ\C4IMap\OverlayFileMgr\OverlayFileRecordHeader.h
D:\work\»óČ²µµ\C4IMap\OverlayFileMgr\OverlayFileRecordImage.cpp
D:\work\»óČ²µµ\C4IMap\OverlayFileMgr\OverlayFileRecordImage.h
D:\work\»óČ²µµ\C4IMap\OverlayFileMgr\OverlayFileRecordText.cpp
D:\work\»óČ²µµ\C4IMap\OverlayFileMgr\OverlayFileRecordText.h
D:\work\»óČ²µµ\C4IMap\Release\BCMenu.obj
D:\work\»óČ²µµ\C4IMap\Release\BtnST.obj
D:\work\»óČ²µµ\C4IMap\Release\C4IMap.Build.CppClean.log
D:\work\»óČ²µµ\C4IMap\Release\C4IMap.exe.recipe
D:\work\»óČ²µµ\C4IMap\Release\C4IMap.iobj
D:\work\»óČ²µµ\C4IMap\Release\C4IMap.log
D:\work\»óČ²µµ\C4IMap\Release\C4IMap.obj
D:\work\»óČ²µµ\C4IMap\Release\C4IMap.pch
D:\work\»óČ²µµ\C4IMap\Release\C4IMap.res
D:\work\»óČ²µµ\C4IMap\Release\C4IMap.tlog
D:\work\»óČ²µµ\C4IMap\Release\C4IMap.vcxproj.FileListAbsolute.txt
D:\work\»óČ²µµ\C4IMap\Release\C4IMapDoc.obj
D:\work\»óČ²µµ\C4IMap\Release\C4IMapView.obj
D:\work\»óČ²µµ\C4IMap\Release\C4IMapView_Draw.obj
D:\work\»óČ²µµ\C4IMap\Release\C4IMapView_Etc.obj
D:\work\»óČ²µµ\C4IMap\Release\C4IMapView_Hitest.obj
D:\work\»óČ²µµ\C4IMap\Release\C4IMapView_Init.obj
D:\work\»óČ²µµ\C4IMap\Release\C4IMapView_Menu.obj
D:\work\»óČ²µµ\C4IMap\Release\C4IMapView_MouseEvent.obj
D:\work\»óČ²µµ\C4IMap\Release\C4IMapView_Overlay.obj
D:\work\»óČ²µµ\C4IMap\Release\CaptureWindow.obj
D:\work\»óČ²µµ\C4IMap\Release\CeXDib.obj
D:\work\»óČ²µµ\C4IMap\Release\ColorBT.obj
D:\work\»óČ²µµ\C4IMap\Release\ColorButton.obj
D:\work\»óČ²µµ\C4IMap\Release\ColorPicker.obj
D:\work\»óČ²µµ\C4IMap\Release\ColorPopup.obj
D:\work\»óČ²µµ\C4IMap\Release\ColorStatic.obj
D:\work\»óČ²µµ\C4IMap\Release\ControlToolTip.obj
D:\work\»óČ²µµ\C4IMap\Release\Dbf.obj
D:\work\»óČ²µµ\C4IMap\Release\DIBSectionLite.obj
D:\work\»óČ²µµ\C4IMap\Release\DlgObjectList.obj
D:\work\»óČ²µµ\C4IMap\Release\DlgOverlayControler.obj
D:\work\»óČ²µµ\C4IMap\Release\DlgOverlayEditObject.obj
D:\work\»óČ²µµ\C4IMap\Release\DlgOverlayEidtObjectPoint.obj
D:\work\»óČ²µµ\C4IMap\Release\DlgOverlayProperty.obj
D:\work\»óČ²µµ\C4IMap\Release\DlgOverlayTextEdit.obj
D:\work\»óČ²µµ\C4IMap\Release\FileFinder.obj
D:\work\»óČ²µµ\C4IMap\Release\FilePath.obj
D:\work\»óČ²µµ\C4IMap\Release\GColorData.obj
D:\work\»óČ²µµ\C4IMap\Release\GEnvVar.obj
D:\work\»óČ²µµ\C4IMap\Release\GFileUtil.obj
D:\work\»óČ²µµ\C4IMap\Release\GLib.obj
D:\work\»óČ²µµ\C4IMap\Release\GLibColor.obj
D:\work\»óČ²µµ\C4IMap\Release\GLibRes.obj
D:\work\»óČ²µµ\C4IMap\Release\GMapInfo.obj
D:\work\»óČ²µµ\C4IMap\Release\GMapLib.obj
D:\work\»óČ²µµ\C4IMap\Release\GPoint.obj
D:\work\»óČ²µµ\C4IMap\Release\GStatusFlag.obj
D:\work\»óČ²µµ\C4IMap\Release\GViewInfo.obj
D:\work\»óČ²µµ\C4IMap\Release\IndexMapView.obj
D:\work\»óČ²µµ\C4IMap\Release\IndexMapWnd.obj
D:\work\»óČ²µµ\C4IMap\Release\Ini.obj
D:\work\»óČ²µµ\C4IMap\Release\Initiator.obj
D:\work\»óČ²µµ\C4IMap\Release\io.obj
D:\work\»óČ²µµ\C4IMap\Release\ItemView.obj
D:\work\»óČ²µµ\C4IMap\Release\LayerView.obj
D:\work\»óČ²µµ\C4IMap\Release\MainFrm.obj
D:\work\»óČ²µµ\C4IMap\Release\MapConfigMgr.obj
D:\work\»óČ²µµ\C4IMap\Release\MapDataMgr.obj
D:\work\»óČ²µµ\C4IMap\Release\MapGeneratorDlg.obj
D:\work\»óČ²µµ\C4IMap\Release\MapObjectManager.obj
D:\work\»óČ²µµ\C4IMap\Release\MapObjectOrderList.obj
D:\work\»óČ²µµ\C4IMap\Release\MapObjectViewTree.obj
D:\work\»óČ²µµ\C4IMap\Release\MapPropertiesWnd.obj
D:\work\»óČ²µµ\C4IMap\Release\Markup.obj
D:\work\»óČ²µµ\C4IMap\Release\msxml6.tlh
D:\work\»óČ²µµ\C4IMap\Release\msxml6.tli
D:\work\»óČ²µµ\C4IMap\Release\ObjectProp.obj
D:\work\»óČ²µµ\C4IMap\Release\ObjectThread.obj
D:\work\»óČ²µµ\C4IMap\Release\OutputLogList.obj
D:\work\»óČ²µµ\C4IMap\Release\OutputSearchList.obj
D:\work\»óČ²µµ\C4IMap\Release\OutputWnd.obj
D:\work\»óČ²µµ\C4IMap\Release\OverlayFileHeader.obj
D:\work\»óČ²µµ\C4IMap\Release\OverlayFileMgr.obj
D:\work\»óČ²µµ\C4IMap\Release\OverlayFileRecordCommon.obj
D:\work\»óČ²µµ\C4IMap\Release\OverlayFileRecordHeader.obj
D:\work\»óČ²µµ\C4IMap\Release\OverlayFileRecordImage.obj
D:\work\»óČ²µµ\C4IMap\Release\OverlayFileRecordText.obj
D:\work\»óČ²µµ\C4IMap\Release\OverlayMain.obj
D:\work\»óČ²µµ\C4IMap\Release\OverlayView.obj
D:\work\»óČ²µµ\C4IMap\Release\PathFile.obj
D:\work\»óČ²µµ\C4IMap\Release\pch.obj
D:\work\»óČ²µµ\C4IMap\Release\PointDisplay.obj
D:\work\»óČ²µµ\C4IMap\Release\PropertiesWnd.obj
D:\work\»óČ²µµ\C4IMap\Release\RasterMgr.obj
D:\work\»óČ²µµ\C4IMap\Release\SafeQueue.obj
D:\work\»óČ²µµ\C4IMap\Release\ShadeButtonST.obj
D:\work\»óČ²µµ\C4IMap\Release\ShapeT.obj
D:\work\»óČ²µµ\C4IMap\Release\Shp.obj
D:\work\»óČ²µµ\C4IMap\Release\shpDBF.obj
D:\work\»óČ²µµ\C4IMap\Release\ShpMgr.obj
D:\work\»óČ²µµ\C4IMap\Release\shpMultiPoint.obj
D:\work\»óČ²µµ\C4IMap\Release\shpObject.obj
D:\work\»óČ²µµ\C4IMap\Release\shpPoint.obj
D:\work\»óČ²µµ\C4IMap\Release\shpPoly.obj
D:\work\»óČ²µµ\C4IMap\Release\shpPolygon.obj
D:\work\»óČ²µµ\C4IMap\Release\TmsMgr.obj
D:\work\»óČ²µµ\C4IMap\Release\TypeView.obj
D:\work\»óČ²µµ\C4IMap\Release\ViewList.obj
D:\work\»óČ²µµ\C4IMap\Release\ViewTree.obj
D:\work\»óČ²µµ\C4IMap\Release\XMLControl.obj
D:\work\»óČ²µµ\C4IMap\Release\C4IMap.tlog\C4IMap.lastbuildstate
D:\work\»óČ²µµ\C4IMap\Release\C4IMap.tlog\CL.command.1.tlog
D:\work\»óČ²µµ\C4IMap\Release\C4IMap.tlog\CL.read.1.tlog
D:\work\»óČ²µµ\C4IMap\Release\C4IMap.tlog\CL.write.1.tlog
D:\work\»óČ²µµ\C4IMap\Release\C4IMap.tlog\link.command.1.tlog
D:\work\»óČ²µµ\C4IMap\Release\C4IMap.tlog\link.read.1.tlog
D:\work\»óČ²µµ\C4IMap\Release\C4IMap.tlog\link.write.1.tlog
D:\work\»óČ²µµ\C4IMap\Release\C4IMap.tlog\rc.command.1.tlog
D:\work\»óČ²µµ\C4IMap\Release\C4IMap.tlog\rc.read.1.tlog
D:\work\»óČ²µµ\C4IMap\Release\C4IMap.tlog\rc.write.1.tlog
D:\work\»óČ²µµ\C4IMap\res\bitmap1.bmp
D:\work\»óČ²µµ\C4IMap\res\bmp00001.bmp
D:\work\»óČ²µµ\C4IMap\res\button
D:\work\»óČ²µµ\C4IMap\res\ButtonBitmap
D:\work\»óČ²µµ\C4IMap\res\buttons.bmp
D:\work\»óČ²µµ\C4IMap\res\C4IMap.ico
D:\work\»óČ²µµ\C4IMap\res\C4IMap.rc2
D:\work\»óČ²µµ\C4IMap\res\C4IMapDoc.ico
D:\work\»óČ²µµ\C4IMap\res\classview.bmp
D:\work\»óČ²µµ\C4IMap\res\classview_hc.bmp
D:\work\»óČ²µµ\C4IMap\res\class_vi.ico
D:\work\»óČ²µµ\C4IMap\res\class_view.ico
D:\work\»óČ²µµ\C4IMap\res\class_view_hc.ico
D:\work\»óČ²µµ\C4IMap\res\connect.png
D:\work\»óČ²µµ\C4IMap\res\cursor
D:\work\»óČ²µµ\C4IMap\res\cursor1.cur
D:\work\»óČ²µµ\C4IMap\res\disconnect.png
D:\work\»óČ²µµ\C4IMap\res\DockPanes
D:\work\»óČ²µµ\C4IMap\res\explorer.bmp
D:\work\»óČ²µµ\C4IMap\res\explorer_hc.bmp
D:\work\»óČ²µµ\C4IMap\res\filelarge.bmp
D:\work\»óČ²µµ\C4IMap\res\filesmall.bmp
D:\work\»óČ²µµ\C4IMap\res\fileview.bmp
D:\work\»óČ²µµ\C4IMap\res\fileview_hc.bmp
D:\work\»óČ²µµ\C4IMap\res\file_view.ico
D:\work\»óČ²µµ\C4IMap\res\file_view_hc.ico
D:\work\»óČ²µµ\C4IMap\res\ico00001.ico
D:\work\»óČ²µµ\C4IMap\res\ico00002.ico
D:\work\»óČ²µµ\C4IMap\res\ico00003.ico
D:\work\»óČ²µµ\C4IMap\res\ico00004.ico
D:\work\»óČ²µµ\C4IMap\res\ico00005.ico
D:\work\»óČ²µµ\C4IMap\res\icon
D:\work\»óČ²µµ\C4IMap\res\info.bmp
D:\work\»óČ²µµ\C4IMap\res\main.bmp
D:\work\»óČ²µµ\C4IMap\res\menuimages.bmp
D:\work\»óČ²µµ\C4IMap\res\menuimages_hc.bmp
D:\work\»óČ²µµ\C4IMap\res\output_wnd.ico
D:\work\»óČ²µµ\C4IMap\res\output_wnd_hc.ico
D:\work\»óČ²µµ\C4IMap\res\properties.bmp
D:\work\»óČ²µµ\C4IMap\res\properties_hc.bmp
D:\work\»óČ²µµ\C4IMap\res\properties_wnd.ico
D:\work\»óČ²µµ\C4IMap\res\properties_wnd_hc.ico
D:\work\»óČ²µµ\C4IMap\res\ribbon.mfcribbon-ms
D:\work\»óČ²µµ\C4IMap\res\Ribonbar
D:\work\»óČ²µµ\C4IMap\res\sort.bmp
D:\work\»óČ²µµ\C4IMap\res\sort_24.bmp
D:\work\»óČ²µµ\C4IMap\res\sort_hc.bmp
D:\work\»óČ²µµ\C4IMap\res\Toolbar.bmp
D:\work\»óČ²µµ\C4IMap\res\toolbar1.bmp
D:\work\»óČ²µµ\C4IMap\res\Toolbar256.bmp
D:\work\»óČ²µµ\C4IMap\res\writelarge.bmp
D:\work\»óČ²µµ\C4IMap\res\writesmall.bmp
D:\work\»óČ²µµ\C4IMap\res\button\bitmap3.bmp
D:\work\»óČ²µµ\C4IMap\res\button\bitmap4.bmp
D:\work\»óČ²µµ\C4IMap\res\button\click_center.bmp
D:\work\»óČ²µµ\C4IMap\res\button\click_left.bmp
D:\work\»óČ²µµ\C4IMap\res\button\click_right.bmp
D:\work\»óČ²µµ\C4IMap\res\button\default_center.bmp
D:\work\»óČ²µµ\C4IMap\res\button\default_left.bmp
D:\work\»óČ²µµ\C4IMap\res\button\default_right.bmp
D:\work\»óČ²µµ\C4IMap\res\button\disable_center.bmp
D:\work\»óČ²µµ\C4IMap\res\button\disable_left.bmp
D:\work\»óČ²µµ\C4IMap\res\button\disable_right.bmp
D:\work\»óČ²µµ\C4IMap\res\button\focus_center.bmp
D:\work\»óČ²µµ\C4IMap\res\button\focus_left.bmp
D:\work\»óČ²µµ\C4IMap\res\button\focus_right.bmp
D:\work\»óČ²µµ\C4IMap\res\button\over_center.bmp
D:\work\»óČ²µµ\C4IMap\res\button\over_left.bmp
D:\work\»óČ²µµ\C4IMap\res\button\over_right.bmp
D:\work\»óČ²µµ\C4IMap\res\ButtonBitmap\move_down.bmp
D:\work\»óČ²µµ\C4IMap\res\ButtonBitmap\move_down_click.bmp
D:\work\»óČ²µµ\C4IMap\res\ButtonBitmap\move_left.bmp
D:\work\»óČ²µµ\C4IMap\res\ButtonBitmap\move_left_click.bmp
D:\work\»óČ²µµ\C4IMap\res\ButtonBitmap\move_right.bmp
D:\work\»óČ²µµ\C4IMap\res\ButtonBitmap\move_right_click.bmp
D:\work\»óČ²µµ\C4IMap\res\ButtonBitmap\move_up.bmp
D:\work\»óČ²µµ\C4IMap\res\ButtonBitmap\move_up_click.bmp
D:\work\»óČ²µµ\C4IMap\res\cursor\00_default.cur
D:\work\»óČ²µµ\C4IMap\res\cursor\01_zoomin.cur
D:\work\»óČ²µµ\C4IMap\res\cursor\02_zoomout.cur
D:\work\»óČ²µµ\C4IMap\res\cursor\03_panning.cur
D:\work\»óČ²µµ\C4IMap\res\cursor\04_rotate.cur
D:\work\»óČ²µµ\C4IMap\res\cursor\05_search_circle.cur
D:\work\»óČ²µµ\C4IMap\res\cursor\05_search_point.cur
D:\work\»óČ²µµ\C4IMap\res\cursor\05_search_polygon.cur
D:\work\»óČ²µµ\C4IMap\res\cursor\05_search_rect.cur
D:\work\»óČ²µµ\C4IMap\res\cursor\06_length.cur
D:\work\»óČ²µµ\C4IMap\res\cursor\07_area.cur
D:\work\»óČ²µµ\C4IMap\res\cursor\08_section.cur
D:\work\»óČ²µµ\C4IMap\res\cursor\09_visible.cur
D:\work\»óČ²µµ\C4IMap\res\cursor\10_Terrain.cur
D:\work\»óČ²µµ\C4IMap\res\cursor\12_overlay.cur
D:\work\»óČ²µµ\C4IMap\res\cursor\13_cop.cur
D:\work\»óČ²µµ\C4IMap\res\cursor\14_CoordCapture.cur
D:\work\»óČ²µµ\C4IMap\res\DockPanes\indexmap.bmp
D:\work\»óČ²µµ\C4IMap\res\DockPanes\indexmap_24.bmp
D:\work\»óČ²µµ\C4IMap\res\DockPanes\maporder_list.bmp
D:\work\»óČ²µµ\C4IMap\res\DockPanes\maporder_list_24.bmp
D:\work\»óČ²µµ\C4IMap\res\DockPanes\maporder_toolbar.bmp
D:\work\»óČ²µµ\C4IMap\res\DockPanes\maporder_toolbar_24.bmp
D:\work\»óČ²µµ\C4IMap\res\DockPanes\mapview_toolbar.bmp
D:\work\»óČ²µµ\C4IMap\res\DockPanes\mapview_toolbar_24.bmp
D:\work\»óČ²µµ\C4IMap\res\DockPanes\mapview_tree.bmp
D:\work\»óČ²µµ\C4IMap\res\DockPanes\mapview_tree_24.bmp
D:\work\»óČ²µµ\C4IMap\res\DockPanes\overlay_toolbar.bmp
D:\work\»óČ²µµ\C4IMap\res\DockPanes\overlay_toolbar_24.bmp
D:\work\»óČ²µµ\C4IMap\res\DockPanes\overlay_tree.bmp
D:\work\»óČ²µµ\C4IMap\res\DockPanes\overlay_tree_24.bmp
D:\work\»óČ²µµ\C4IMap\res\DockPanes\tree_check.bmp
D:\work\»óČ²µµ\C4IMap\res\icon\°ī¼±.bmp
D:\work\»óČ²µµ\C4IMap\res\icon\°ī¼±_on.bmp
D:\work\»óČ²µµ\C4IMap\res\icon\±×ø².bmp
D:\work\»óČ²µµ\C4IMap\res\icon\±×ø²_on.bmp
D:\work\»óČ²µµ\C4IMap\res\icon\´Ł°¢¼±.bmp
D:\work\»óČ²µµ\C4IMap\res\icon\´Ł°¢¼±_on.bmp
D:\work\»óČ²µµ\C4IMap\res\icon\´Ł°¢Ēü.bmp
D:\work\»óČ²µµ\C4IMap\res\icon\´Ł°¢Ēü_on.bmp
D:\work\»óČ²µµ\C4IMap\res\icon\µµĒü°ŻĄŚ.bmp
D:\work\»óČ²µµ\C4IMap\res\icon\µµĒü°ŻĄŚ_on.bmp
D:\work\»óČ²µµ\C4IMap\res\icon\µÕ±Ł»ē°¢Ēü.bmp
D:\work\»óČ²µµ\C4IMap\res\icon\µÕ±Ł»ē°¢Ēü_on.bmp
D:\work\»óČ²µµ\C4IMap\res\icon\·¹ĄĢ¾īĆ¢.bmp
D:\work\»óČ²µµ\C4IMap\res\icon\·¹ĄĢ¾īĆ¢_on.bmp
D:\work\»óČ²µµ\C4IMap\res\icon\ø¶ø§øš.bmp
D:\work\»óČ²µµ\C4IMap\res\icon\ø¶ø§øš1.bmp
D:\work\»óČ²µµ\C4IMap\res\icon\ø¶ø§øš2.bmp
D:\work\»óČ²µµ\C4IMap\res\icon\ø¶ø§øš_on.bmp
D:\work\»óČ²µµ\C4IMap\res\icon\¹®ĄŚ.bmp
D:\work\»óČ²µµ\C4IMap\res\icon\¹®ĄŚ_on.bmp
D:\work\»óČ²µµ\C4IMap\res\icon\ŗĪĆ¤²Ć.bmp
D:\work\»óČ²µµ\C4IMap\res\icon\ŗĪĆ¤²Ć_on.bmp
D:\work\»óČ²µµ\C4IMap\res\icon\»ē°¢Ēü.bmp
D:\work\»óČ²µµ\C4IMap\res\icon\»ē°¢Ēü_on.bmp
D:\work\»óČ²µµ\C4IMap\res\icon\»ļ°¢Ēü.bmp
D:\work\»óČ²µµ\C4IMap\res\icon\»ļ°¢Ēü_on.bmp
D:\work\»óČ²µµ\C4IMap\res\icon\¼±.bmp
D:\work\»óČ²µµ\C4IMap\res\icon\¼±_on.bmp
D:\work\»óČ²µµ\C4IMap\res\icon\æ¬°į¼±(²©ĄÓ°ī¼±).bmp
D:\work\»óČ²µµ\C4IMap\res\icon\æ¬°į¼±(²©ĄÓ°ī¼±)_on.bmp
D:\work\»óČ²µµ\C4IMap\res\icon\æ¬°į¼±(²©ĄÓ¼±).bmp
D:\work\»óČ²µµ\C4IMap\res\icon\æ¬°į¼±(²©ĄÓ¼±)_on.bmp
D:\work\»óČ²µµ\C4IMap\res\icon\æ¬°į¼±.bmp
D:\work\»óČ²µµ\C4IMap\res\icon\æ¬°į¼±_on.bmp
D:\work\»óČ²µµ\C4IMap\res\icon\æĄ°¢Ēü.bmp
D:\work\»óČ²µµ\C4IMap\res\icon\æĄ°¢Ēü_on.bmp
D:\work\»óČ²µµ\C4IMap\res\icon\Ą°°¢Ēü.bmp
D:\work\»óČ²µµ\C4IMap\res\icon\Ą°°¢Ēü_on.bmp
D:\work\»óČ²µµ\C4IMap\res\icon\Åøæų.bmp
D:\work\»óČ²µµ\C4IMap\res\icon\Åøæų_on.bmp
D:\work\»óČ²µµ\C4IMap\res\icon\ĘČ°¢Ēü.bmp
D:\work\»óČ²µµ\C4IMap\res\icon\ĘČ°¢Ēü_on.bmp
D:\work\»óČ²µµ\C4IMap\res\icon\Č£.bmp
D:\work\»óČ²µµ\C4IMap\res\icon\Č£_on.bmp
D:\work\»óČ²µµ\C4IMap\res\Ribonbar\3DMapViewer_Large.png
D:\work\»óČ²µµ\C4IMap\res\Ribonbar\3DViewer.png
D:\work\»óČ²µµ\C4IMap\res\Ribonbar\Analysis_Large.png
D:\work\»óČ²µµ\C4IMap\res\Ribonbar\Analysis_Small.png
D:\work\»óČ²µµ\C4IMap\res\Ribonbar\DrawShape_Large.png
D:\work\»óČ²µµ\C4IMap\res\Ribonbar\DrawShape_Small.png
D:\work\»óČ²µµ\C4IMap\res\Ribonbar\font_ali.png
D:\work\»óČ²µµ\C4IMap\res\Ribonbar\font_align.png
D:\work\»óČ²µµ\C4IMap\res\Ribonbar\font_tool.png
D:\work\»óČ²µµ\C4IMap\res\Ribonbar\OverlayLineBow.bmp
D:\work\»óČ²µµ\C4IMap\res\Ribonbar\OverlayLineDesh.bmp
D:\work\»óČ²µµ\C4IMap\res\Ribonbar\OverlayLineWidth.bmp
D:\work\»óČ²µµ\C4IMap\res\Ribonbar\Overlay_Defatult.bmp
D:\work\»óČ²µµ\C4IMap\res\Ribonbar\Overlay_Line.bmp
D:\work\»óČ²µµ\C4IMap\res\Ribonbar\Overlay_Rect.bmp
D:\work\»óČ²µµ\C4IMap\res\Ribonbar\Palette1.bmp
D:\work\»óČ²µµ\C4IMap\res\Ribonbar\Palette2.bmp
D:\work\»óČ²µµ\C4IMap\res\Ribonbar\PrintPreview_Large.png
D:\work\»óČ²µµ\C4IMap\res\Ribonbar\Screen_Large.png
D:\work\»óČ²µµ\C4IMap\res\Ribonbar\Screen_small.png
D:\work\»óČ²µµ\C4IMap\res\Ribonbar\Search_Large.png
D:\work\»óČ²µµ\C4IMap\res\Ribonbar\Search_Small.png
D:\work\»óČ²µµ\C4IMap\res\Ribonbar\View_Large.png
D:\work\»óČ²µµ\C4IMap\res\Ribonbar\View_Small.png
D:\work\»óČ²µµ\C4IMap\Altitude.tlb
D:\work\»óČ²µµ\C4IMap\BAMgr.cpp
D:\work\»óČ²µµ\C4IMap\BAMgr.h
D:\work\»óČ²µµ\C4IMap\C4IMap.aps
D:\work\»óČ²µµ\C4IMap\C4IMap.cpp
D:\work\»óČ²µµ\C4IMap\C4IMap.h
D:\work\»óČ²µµ\C4IMap\C4IMap.rc
D:\work\»óČ²µµ\C4IMap\C4IMap.sln
D:\work\»óČ²µµ\C4IMap\C4IMap.vcxproj
D:\work\»óČ²µµ\C4IMap\C4IMap.vcxproj.filters
D:\work\»óČ²µµ\C4IMap\C4IMap.vcxproj.user
D:\work\»óČ²µµ\C4IMap\C4IMapDoc.cpp
D:\work\»óČ²µµ\C4IMap\C4IMapDoc.h
D:\work\»óČ²µµ\C4IMap\C4IMapView.cpp
D:\work\»óČ²µµ\C4IMap\C4IMapView.h
D:\work\»óČ²µµ\C4IMap\C4IMapViewHeader.h
D:\work\»óČ²µµ\C4IMap\C4IMapView_Draw.cpp
D:\work\»óČ²µµ\C4IMap\C4IMapView_Etc.cpp
D:\work\»óČ²µµ\C4IMap\C4IMapView_Hitest.cpp
D:\work\»óČ²µµ\C4IMap\C4IMapView_Init.cpp
D:\work\»óČ²µµ\C4IMap\C4IMapView_Menu.cpp
D:\work\»óČ²µµ\C4IMap\C4IMapView_MouseEvent.cpp
D:\work\»óČ²µµ\C4IMap\C4IMapView_Overlay.cpp
D:\work\»óČ²µµ\C4IMap\CaptureWindow.cpp
D:\work\»óČ²µµ\C4IMap\CaptureWindow.h
D:\work\»óČ²µµ\C4IMap\ClassView.cpp
D:\work\»óČ²µµ\C4IMap\ClassView.h
D:\work\»óČ²µµ\C4IMap\ComDefStringValue.h
D:\work\»óČ²µµ\C4IMap\control
D:\work\»óČ²µµ\C4IMap\CTest_OverItem.cpp
D:\work\»óČ²µµ\C4IMap\CTest_OverItem.h
D:\work\»óČ²µµ\C4IMap\Dbf.cpp
D:\work\»óČ²µµ\C4IMap\Dbf.h
D:\work\»óČ²µµ\C4IMap\Debug
D:\work\»óČ²µµ\C4IMap\DIBSectionLite.cpp
D:\work\»óČ²µµ\C4IMap\DIBSectionLite.h
D:\work\»óČ²µµ\C4IMap\DisplayElement.h
D:\work\»óČ²µµ\C4IMap\DlgObjectList.cpp
D:\work\»óČ²µµ\C4IMap\DlgObjectList.h
D:\work\»óČ²µµ\C4IMap\DlgOverlayControler.cpp
D:\work\»óČ²µµ\C4IMap\DlgOverlayControler.h
D:\work\»óČ²µµ\C4IMap\DlgOverlayEditObject.cpp
D:\work\»óČ²µµ\C4IMap\DlgOverlayEditObject.h
D:\work\»óČ²µµ\C4IMap\DlgOverlayEidtObjectPoint.cpp
D:\work\»óČ²µµ\C4IMap\DlgOverlayEidtObjectPoint.h
D:\work\»óČ²µµ\C4IMap\DlgOverlayLineStyle.cpp
D:\work\»óČ²µµ\C4IMap\DlgOverlayLineStyle.h
D:\work\»óČ²µµ\C4IMap\DlgOverlayProperty.cpp
D:\work\»óČ²µµ\C4IMap\DlgOverlayProperty.h
D:\work\»óČ²µµ\C4IMap\DlgOverlayTextEdit.cpp
D:\work\»óČ²µµ\C4IMap\DlgOverlayTextEdit.h
D:\work\»óČ²µµ\C4IMap\FileFinder.cpp
D:\work\»óČ²µµ\C4IMap\FileFinder.h
D:\work\»óČ²µµ\C4IMap\FilePath.cpp
D:\work\»óČ²µµ\C4IMap\FilePath.h
D:\work\»óČ²µµ\C4IMap\FileView.cpp
D:\work\»óČ²µµ\C4IMap\FileView.h
D:\work\»óČ²µµ\C4IMap\Flags.h
D:\work\»óČ²µµ\C4IMap\framework.h
D:\work\»óČ²µµ\C4IMap\GColorData.cpp
D:\work\»óČ²µµ\C4IMap\GColorData.h
D:\work\»óČ²µµ\C4IMap\GdiplusH.h
D:\work\»óČ²µµ\C4IMap\GEnvVar.cpp
D:\work\»óČ²µµ\C4IMap\GEnvVar.h
D:\work\»óČ²µµ\C4IMap\GFileUtil.cpp
D:\work\»óČ²µµ\C4IMap\GFileUtil.h
D:\work\»óČ²µµ\C4IMap\GLib.cpp
D:\work\»óČ²µµ\C4IMap\GLib.h
D:\work\»óČ²µµ\C4IMap\GLibColor.cpp
D:\work\»óČ²µµ\C4IMap\GLibRes.cpp
D:\work\»óČ²µµ\C4IMap\GlobalInfo.h
D:\work\»óČ²µµ\C4IMap\GlobalVar.h
D:\work\»óČ²µµ\C4IMap\GMapDisplayMgr.cpp
D:\work\»óČ²µµ\C4IMap\GMapDisplayMgr.h
D:\work\»óČ²µµ\C4IMap\GMapInfo.cpp
D:\work\»óČ²µµ\C4IMap\GMapInfo.h
D:\work\»óČ²µµ\C4IMap\GMapLib.cpp
D:\work\»óČ²µµ\C4IMap\GMapLib.h
D:\work\»óČ²µµ\C4IMap\GMessenger.cpp
D:\work\»óČ²µµ\C4IMap\GMessenger.h
D:\work\»óČ²µµ\C4IMap\GPoint.cpp
D:\work\»óČ²µµ\C4IMap\GPoint.h
D:\work\»óČ²µµ\C4IMap\GStatusFlag.cpp
D:\work\»óČ²µµ\C4IMap\GStatusFlag.h
D:\work\»óČ²µµ\C4IMap\GViewInfo.cpp
D:\work\»óČ²µµ\C4IMap\GViewInfo.h
D:\work\»óČ²µµ\C4IMap\IndexMapView.cpp
D:\work\»óČ²µµ\C4IMap\IndexMapView.h
D:\work\»óČ²µµ\C4IMap\IndexMapWnd.cpp
D:\work\»óČ²µµ\C4IMap\IndexMapWnd.h
D:\work\»óČ²µµ\C4IMap\Ini.cpp
D:\work\»óČ²µµ\C4IMap\Ini.h
D:\work\»óČ²µµ\C4IMap\Initiator.cpp
D:\work\»óČ²µµ\C4IMap\Initiator.h
D:\work\»óČ²µµ\C4IMap\io.cpp
D:\work\»óČ²µµ\C4IMap\io.hpp
D:\work\»óČ²µµ\C4IMap\ItemList.h
D:\work\»óČ²µµ\C4IMap\ItemView.cpp
D:\work\»óČ²µµ\C4IMap\ItemView.h
D:\work\»óČ²µµ\C4IMap\LayerManager.cpp
D:\work\»óČ²µµ\C4IMap\LayerManager.h
D:\work\»óČ²µµ\C4IMap\LayerStructure.cpp
D:\work\»óČ²µµ\C4IMap\LayerStructure.h
D:\work\»óČ²µµ\C4IMap\LayerView.cpp
D:\work\»óČ²µµ\C4IMap\LayerView.h
D:\work\»óČ²µµ\C4IMap\list.log
D:\work\»óČ²µµ\C4IMap\MainFrm.cpp
D:\work\»óČ²µµ\C4IMap\MainFrm.h
D:\work\»óČ²µµ\C4IMap\MapConfigMgr.cpp
D:\work\»óČ²µµ\C4IMap\MapConfigMgr.h
D:\work\»óČ²µµ\C4IMap\MapDataMgr.cpp
D:\work\»óČ²µµ\C4IMap\MapDataMgr.h
D:\work\»óČ²µµ\C4IMap\MapGeneratorDlg.cpp
D:\work\»óČ²µµ\C4IMap\MapGeneratorDlg.h
D:\work\»óČ²µµ\C4IMap\MapObjectManager.cpp
D:\work\»óČ²µµ\C4IMap\MapObjectManager.h
D:\work\»óČ²µµ\C4IMap\MapObjectOrderList.cpp
D:\work\»óČ²µµ\C4IMap\MapObjectOrderList.h
D:\work\»óČ²µµ\C4IMap\MapObjectViewTree.cpp
D:\work\»óČ²µµ\C4IMap\MapObjectViewTree.h
D:\work\»óČ²µµ\C4IMap\MapPropertiesWnd.cpp
D:\work\»óČ²µµ\C4IMap\MapPropertiesWnd.h
D:\work\»óČ²µµ\C4IMap\MapWMSClient.cpp
D:\work\»óČ²µµ\C4IMap\MapWMSClient.h
D:\work\»óČ²µµ\C4IMap\Markup.cpp
D:\work\»óČ²µµ\C4IMap\MessageDefine.h
D:\work\»óČ²µµ\C4IMap\MilitarySymbol.cpp
D:\work\»óČ²µµ\C4IMap\MilitarySymbol.h
D:\work\»óČ²µµ\C4IMap\ObjectProp.cpp
D:\work\»óČ²µµ\C4IMap\ObjectProp.h
D:\work\»óČ²µµ\C4IMap\ObjectThread.cpp
D:\work\»óČ²µµ\C4IMap\ObjectThread.h
D:\work\»óČ²µµ\C4IMap\Options.cpp
D:\work\»óČ²µµ\C4IMap\Options.h
D:\work\»óČ²µµ\C4IMap\OptionsTreeCtrl.cpp
D:\work\»óČ²µµ\C4IMap\OptionsTreeCtrl.h
D:\work\»óČ²µµ\C4IMap\OutputLogList.cpp
D:\work\»óČ²µµ\C4IMap\OutputLogList.h
D:\work\»óČ²µµ\C4IMap\OutputSearchList.cpp
D:\work\»óČ²µµ\C4IMap\OutputSearchList.h
D:\work\»óČ²µµ\C4IMap\OutputWnd.cpp
D:\work\»óČ²µµ\C4IMap\OutputWnd.h
D:\work\»óČ²µµ\C4IMap\OverlayFileMgr
D:\work\»óČ²µµ\C4IMap\OverlayItemView.cpp
D:\work\»óČ²µµ\C4IMap\OverlayItemView.h
D:\work\»óČ²µµ\C4IMap\OverlayLayerView.cpp
D:\work\»óČ²µµ\C4IMap\OverlayLayerView.h
D:\work\»óČ²µµ\C4IMap\OverlayMain.cpp
D:\work\»óČ²µµ\C4IMap\OverlayMain.h
D:\work\»óČ²µµ\C4IMap\OverlayObjectView.cpp
D:\work\»óČ²µµ\C4IMap\OverlayObjectView.h
D:\work\»óČ²µµ\C4IMap\OverlayObjectViewTree.cpp
D:\work\»óČ²µµ\C4IMap\OverlayObjectViewTree.h
D:\work\»óČ²µµ\C4IMap\OverlayPropertiesWnd.cpp
D:\work\»óČ²µµ\C4IMap\OverlayPropertiesWnd.h
D:\work\»óČ²µµ\C4IMap\OverlayView.cpp
D:\work\»óČ²µµ\C4IMap\OverlayView.h
D:\work\»óČ²µµ\C4IMap\PathFile.cpp
D:\work\»óČ²µµ\C4IMap\PathFile.h
D:\work\»óČ²µµ\C4IMap\pch.cpp
D:\work\»óČ²µµ\C4IMap\pch.h
D:\work\»óČ²µµ\C4IMap\PointDisplay.cpp
D:\work\»óČ²µµ\C4IMap\PointDisplay.h
D:\work\»óČ²µµ\C4IMap\pointStruct.h
D:\work\»óČ²µµ\C4IMap\PPDrawManager.cpp
D:\work\»óČ²µµ\C4IMap\PPDrawManager.h
D:\work\»óČ²µµ\C4IMap\PPHtmlDrawer.cpp
D:\work\»óČ²µµ\C4IMap\PPHtmlDrawer.h
D:\work\»óČ²µµ\C4IMap\PPTooltip.cpp
D:\work\»óČ²µµ\C4IMap\PPTooltip.h
D:\work\»óČ²µµ\C4IMap\PropertiesWnd.cpp
D:\work\»óČ²µµ\C4IMap\PropertiesWnd.h
D:\work\»óČ²µµ\C4IMap\RasterMgr.cpp
D:\work\»óČ²µµ\C4IMap\RasterMgr.h
D:\work\»óČ²µµ\C4IMap\Release
D:\work\»óČ²µµ\C4IMap\res
D:\work\»óČ²µµ\C4IMap\resource.h
D:\work\»óČ²µµ\C4IMap\SafeQueue.cpp
D:\work\»óČ²µµ\C4IMap\SafeQueue.h
D:\work\»óČ²µµ\C4IMap\ShapeT.cpp
D:\work\»óČ²µµ\C4IMap\ShapeT.h
D:\work\»óČ²µµ\C4IMap\Shp.cpp
D:\work\»óČ²µµ\C4IMap\Shp.h
D:\work\»óČ²µµ\C4IMap\shpCommon.h
D:\work\»óČ²µµ\C4IMap\shpDBF.cpp
D:\work\»óČ²µµ\C4IMap\shpDBF.h
D:\work\»óČ²µµ\C4IMap\ShpMgr.cpp
D:\work\»óČ²µµ\C4IMap\ShpMgr.h
D:\work\»óČ²µµ\C4IMap\shpMultiPoint.cpp
D:\work\»óČ²µµ\C4IMap\shpMultiPoint.h
D:\work\»óČ²µµ\C4IMap\shpObject.cpp
D:\work\»óČ²µµ\C4IMap\shpObject.h
D:\work\»óČ²µµ\C4IMap\shpPoint.cpp
D:\work\»óČ²µµ\C4IMap\shpPoint.h
D:\work\»óČ²µµ\C4IMap\shpPoly.cpp
D:\work\»óČ²µµ\C4IMap\shpPoly.h
D:\work\»óČ²µµ\C4IMap\shpPolygon.cpp
D:\work\»óČ²µµ\C4IMap\shpPolygon.h
D:\work\»óČ²µµ\C4IMap\targetver.h
D:\work\»óČ²µµ\C4IMap\TmsMgr.cpp
D:\work\»óČ²µµ\C4IMap\TmsMgr.h
D:\work\»óČ²µµ\C4IMap\TypeView.cpp
D:\work\»óČ²µµ\C4IMap\TypeView.h
D:\work\»óČ²µµ\C4IMap\ViewingFilterDlg.cpp
D:\work\»óČ²µµ\C4IMap\ViewingFilterDlg.h
D:\work\»óČ²µµ\C4IMap\ViewList.cpp
D:\work\»óČ²µµ\C4IMap\ViewList.h
D:\work\»óČ²µµ\C4IMap\ViewTree.cpp
D:\work\»óČ²µµ\C4IMap\ViewTree.h
D:\work\»óČ²µµ\C4IMap\WinMsgSpec.h
D:\work\»óČ²µµ\C4IMap\XMLControl.cpp
D:\work\»óČ²µµ\C4IMap\XMLControl.h
D:\work\»óČ²µµ\C4IMap\.vs\C4IMap
D:\work\»óČ²µµ\C4IMap\.vs\C4IMap\v16
D:\work\»óČ²µµ\C4IMap\.vs\C4IMap\v16\Browse.VC.db
D:\work\»óČ²µµ\C4IMap\.vs\C4IMap\v16\Browse.VC.db-shm
D:\work\»óČ²µµ\C4IMap\.vs\C4IMap\v16\Browse.VC.db-wal
D:\work\»óČ²µµ\C4IMap\.vs\C4IMap\v16\ipch
D:\work\»óČ²µµ\C4IMap\.vs\C4IMap\v16\ipch\516afc87d41a63d.ipch
D:\work\»óČ²µµ\C4IMap\.vs\C4IMap\v16\ipch\5ce3a7f2f039da9a.ipch
D:\work\»óČ²µµ\C4IMap\.vs\C4IMap\v16\ipch\616479f22e4bf456.ipch
D:\work\»óČ²µµ\C4IMap\.vs\C4IMap\v16\ipch\a05d5b745eec5a6e.ipch
D:\work\»óČ²µµ\C4IMap\.vs\C4IMap\v16\ipch\adcb603660d3e30e.ipch
D:\work\»óČ²µµ\C4IMap\.vs\C4IMap\v16\ipch\AutoPCH
D:\work\»óČ²µµ\C4IMap\.vs\C4IMap\v16\ipch\b19d1096e88c7d41.ipch
D:\work\»óČ²µµ\C4IMap\.vs\C4IMap\v16\ipch\dfcf3ce288917801.ipch
D:\work\»óČ²µµ\C4IMap\.vs\C4IMap\v16\ipch\AutoPCH\1264db4f071b25a4
D:\work\»óČ²µµ\C4IMap\.vs\C4IMap\v16\ipch\AutoPCH\146557936241bb85
D:\work\»óČ²µµ\C4IMap\.vs\C4IMap\v16\ipch\AutoPCH\1526c16ad157918
D:\work\»óČ²µµ\C4IMap\.vs\C4IMap\v16\ipch\AutoPCH\16d58c910ea7a18d
D:\work\»óČ²µµ\C4IMap\.vs\C4IMap\v16\ipch\AutoPCH\176e6ea9d77bb24
D:\work\»óČ²µµ\C4IMap\.vs\C4IMap\v16\ipch\AutoPCH\17d02ae545ea947e
D:\work\»óČ²µµ\C4IMap\.vs\C4IMap\v16\ipch\AutoPCH\1b2450d8c4a1f50c
D:\work\»óČ²µµ\C4IMap\.vs\C4IMap\v16\ipch\AutoPCH\1c68515aa22bf799
D:\work\»óČ²µµ\C4IMap\.vs\C4IMap\v16\ipch\AutoPCH\1d41981e57f276d8
D:\work\»óČ²µµ\C4IMap\.vs\C4IMap\v16\ipch\AutoPCH\1dce32616f4703d9
D:\work\»óČ²µµ\C4IMap\.vs\C4IMap\v16\ipch\AutoPCH\1e2d26bebd54005a
D:\work\»óČ²µµ\C4IMap\.vs\C4IMap\v16\ipch\AutoPCH\227100642258af1c
D:\work\»óČ²µµ\C4IMap\.vs\C4IMap\v16\ipch\AutoPCH\247c16d672985114
D:\work\»óČ²µµ\C4IMap\.vs\C4IMap\v16\ipch\AutoPCH\250ed4ba8cdfa1c8
D:\work\»óČ²µµ\C4IMap\.vs\C4IMap\v16\ipch\AutoPCH\2587c373264b5396
D:\work\»óČ²µµ\C4IMap\.vs\C4IMap\v16\ipch\AutoPCH\288b424158978e3b
D:\work\»óČ²µµ\C4IMap\.vs\C4IMap\v16\ipch\AutoPCH\28a9bba2383ace81
D:\work\»óČ²µµ\C4IMap\.vs\C4IMap\v16\ipch\AutoPCH\2b7e90be15202709
D:\work\»óČ²µµ\C4IMap\.vs\C4IMap\v16\ipch\AutoPCH\2ca138bebf9cf33d
D:\work\»óČ²µµ\C4IMap\.vs\C4IMap\v16\ipch\AutoPCH\304fc4c64758c1ef
D:\work\»óČ²µµ\C4IMap\.vs\C4IMap\v16\ipch\AutoPCH\3149ace01f2c7054
D:\work\»óČ²µµ\C4IMap\.vs\C4IMap\v16\ipch\AutoPCH\34360b2747f43e93
D:\work\»óČ²µµ\C4IMap\.vs\C4IMap\v16\ipch\AutoPCH\363ddf1a8b4f5b86
D:\work\»óČ²µµ\C4IMap\.vs\C4IMap\v16\ipch\AutoPCH\371878d8713934dc
D:\work\»óČ²µµ\C4IMap\.vs\C4IMap\v16\ipch\AutoPCH\3dc093c1b32746da
D:\work\»óČ²µµ\C4IMap\.vs\C4IMap\v16\ipch\AutoPCH\3fb73bd1d8e4cfb5
D:\work\»óČ²µµ\C4IMap\.vs\C4IMap\v16\ipch\AutoPCH\41acbddedc7f7663
D:\work\»óČ²µµ\C4IMap\.vs\C4IMap\v16\ipch\AutoPCH\4316575429b87def
D:\work\»óČ²µµ\C4IMap\.vs\C4IMap\v16\ipch\AutoPCH\4387a02a5fd7eeeb
D:\work\»óČ²µµ\C4IMap\.vs\C4IMap\v16\ipch\AutoPCH\47b6628d6f60cb41
D:\work\»óČ²µµ\C4IMap\.vs\C4IMap\v16\ipch\AutoPCH\49489f6a8fe35654
D:\work\»óČ²µµ\C4IMap\.vs\C4IMap\v16\ipch\AutoPCH\4bf6155820352462
D:\work\»óČ²µµ\C4IMap\.vs\C4IMap\v16\ipch\AutoPCH\4eb042cde3973503
D:\work\»óČ²µµ\C4IMap\.vs\C4IMap\v16\ipch\AutoPCH\4ec54cacab2c70d3
D:\work\»óČ²µµ\C4IMap\.vs\C4IMap\v16\ipch\AutoPCH\505cd415952bc1af
D:\work\»óČ²µµ\C4IMap\.vs\C4IMap\v16\ipch\AutoPCH\51a412bb3b0e55ba
D:\work\»óČ²µµ\C4IMap\.vs\C4IMap\v16\ipch\AutoPCH\53a2a19d6649f4f6
D:\work\»óČ²µµ\C4IMap\.vs\C4IMap\v16\ipch\AutoPCH\55278eddd50374e0
D:\work\»óČ²µµ\C4IMap\.vs\C4IMap\v16\ipch\AutoPCH\56a0cbdc6ac37d05
D:\work\»óČ²µµ\C4IMap\.vs\C4IMap\v16\ipch\AutoPCH\5c61b2fd437df724
D:\work\»óČ²µµ\C4IMap\.vs\C4IMap\v16\ipch\AutoPCH\5ce2658590b58980
D:\work\»óČ²µµ\C4IMap\.vs\C4IMap\v16\ipch\AutoPCH\5db967341b68c930
D:\work\»óČ²µµ\C4IMap\.vs\C4IMap\v16\ipch\AutoPCH\5dbd8825d8307ca5
D:\work\»óČ²µµ\C4IMap\.vs\C4IMap\v16\ipch\AutoPCH\5f7d73f1dd4dde3d
D:\work\»óČ²µµ\C4IMap\.vs\C4IMap\v16\ipch\AutoPCH\5f8aa5c3d3cd4967
D:\work\»óČ²µµ\C4IMap\.vs\C4IMap\v16\ipch\AutoPCH\60fe06b8421a5734
D:\work\»óČ²µµ\C4IMap\.vs\C4IMap\v16\ipch\AutoPCH\6172fd499e318ac6
D:\work\»óČ²µµ\C4IMap\.vs\C4IMap\v16\ipch\AutoPCH\62f902d667d2e9dd
D:\work\»óČ²µµ\C4IMap\.vs\C4IMap\v16\ipch\AutoPCH\64b4e462ed07df86
D:\work\»óČ²µµ\C4IMap\.vs\C4IMap\v16\ipch\AutoPCH\660a803535a36502
D:\work\»óČ²µµ\C4IMap\.vs\C4IMap\v16\ipch\AutoPCH\668509a5bde8f031
D:\work\»óČ²µµ\C4IMap\.vs\C4IMap\v16\ipch\AutoPCH\66f5bf6ea1e612ab
D:\work\»óČ²µµ\C4IMap\.vs\C4IMap\v16\ipch\AutoPCH\68b242cc479908a4
D:\work\»óČ²µµ\C4IMap\.vs\C4IMap\v16\ipch\AutoPCH\6a846b72a6e374c3
D:\work\»óČ²µµ\C4IMap\.vs\C4IMap\v16\ipch\AutoPCH\6d15120f270dcd71
D:\work\»óČ²µµ\C4IMap\.vs\C4IMap\v16\ipch\AutoPCH\6e2af19be11a2a73
D:\work\»óČ²µµ\C4IMap\.vs\C4IMap\v16\ipch\AutoPCH\6f2badad65ea3248
D:\work\»óČ²µµ\C4IMap\.vs\C4IMap\v16\ipch\AutoPCH\71054d96a84f8f3a
D:\work\»óČ²µµ\C4IMap\.vs\C4IMap\v16\ipch\AutoPCH\71977409c53a6ebf
D:\work\»óČ²µµ\C4IMap\.vs\C4IMap\v16\ipch\AutoPCH\74adf0fc45ff597a
D:\work\»óČ²µµ\C4IMap\.vs\C4IMap\v16\ipch\AutoPCH\75242afa4f0112b6
D:\work\»óČ²µµ\C4IMap\.vs\C4IMap\v16\ipch\AutoPCH\7695cd6c55da8971
D:\work\»óČ²µµ\C4IMap\.vs\C4IMap\v16\ipch\AutoPCH\76dbb7960015ca2d
D:\work\»óČ²µµ\C4IMap\.vs\C4IMap\v16\ipch\AutoPCH\790ebe23c31b1d80
D:\work\»óČ²µµ\C4IMap\.vs\C4IMap\v16\ipch\AutoPCH\799ec2170d26817a
D:\work\»óČ²µµ\C4IMap\.vs\C4IMap\v16\ipch\AutoPCH\7c9269c246f5d2fa
D:\work\»óČ²µµ\C4IMap\.vs\C4IMap\v16\ipch\AutoPCH\7d9d3280da47a64d
D:\work\»óČ²µµ\C4IMap\.vs\C4IMap\v16\ipch\AutoPCH\7ec7589f7a587ce4
D:\work\»óČ²µµ\C4IMap\.vs\C4IMap\v16\ipch\AutoPCH\80aacc1b1b207a8a
D:\work\»óČ²µµ\C4IMap\.vs\C4IMap\v16\ipch\AutoPCH\80e1bbf8310146d3
D:\work\»óČ²µµ\C4IMap\.vs\C4IMap\v16\ipch\AutoPCH\837e9e782d6abdf1
D:\work\»óČ²µµ\C4IMap\.vs\C4IMap\v16\ipch\AutoPCH\838fa214b3bcca80
D:\work\»óČ²µµ\C4IMap\.vs\C4IMap\v16\ipch\AutoPCH\83ac29502955f5ef
D:\work\»óČ²µµ\C4IMap\.vs\C4IMap\v16\ipch\AutoPCH\847c767077c4a86a
D:\work\»óČ²µµ\C4IMap\.vs\C4IMap\v16\ipch\AutoPCH\885ec5b5c21834a5
D:\work\»óČ²µµ\C4IMap\.vs\C4IMap\v16\ipch\AutoPCH\88a523f612644783
D:\work\»óČ²µµ\C4IMap\.vs\C4IMap\v16\ipch\AutoPCH\8bbcbe313a17172e
D:\work\»óČ²µµ\C4IMap\.vs\C4IMap\v16\ipch\AutoPCH\8c6f0863a7147586
D:\work\»óČ²µµ\C4IMap\.vs\C4IMap\v16\ipch\AutoPCH\8c8085c18777a20e
D:\work\»óČ²µµ\C4IMap\.vs\C4IMap\v16\ipch\AutoPCH\8c894b176172619
D:\work\»óČ²µµ\C4IMap\.vs\C4IMap\v16\ipch\AutoPCH\8e40825dbcd62ec5
D:\work\»óČ²µµ\C4IMap\.vs\C4IMap\v16\ipch\AutoPCH\90d53d052e689c66
D:\work\»óČ²µµ\C4IMap\.vs\C4IMap\v16\ipch\AutoPCH\95259eb6568402ff
D:\work\»óČ²µµ\C4IMap\.vs\C4IMap\v16\ipch\AutoPCH\9552c901fca16225
D:\work\»óČ²µµ\C4IMap\.vs\C4IMap\v16\ipch\AutoPCH\95ad65e2ee2f0d33
D:\work\»óČ²µµ\C4IMap\.vs\C4IMap\v16\ipch\AutoPCH\967343abe30d98dd
D:\work\»óČ²µµ\C4IMap\.vs\C4IMap\v16\ipch\AutoPCH\96a8cd13b0d7f193
D:\work\»óČ²µµ\C4IMap\.vs\C4IMap\v16\ipch\AutoPCH\97891ca2e056d28b
D:\work\»óČ²µµ\C4IMap\.vs\C4IMap\v16\ipch\AutoPCH\9873cae818071ac2
D:\work\»óČ²µµ\C4IMap\.vs\C4IMap\v16\ipch\AutoPCH\989e56adcf002484
D:\work\»óČ²µµ\C4IMap\.vs\C4IMap\v16\ipch\AutoPCH\9fde59e6f81bcfef
D:\work\»óČ²µµ\C4IMap\.vs\C4IMap\v16\ipch\AutoPCH\9ff6c7c6cae1214e
D:\work\»óČ²µµ\C4IMap\.vs\C4IMap\v16\ipch\AutoPCH\a06b072a748d6c40
D:\work\»óČ²µµ\C4IMap\.vs\C4IMap\v16\ipch\AutoPCH\a0f6e5a40b795f
D:\work\»óČ²µµ\C4IMap\.vs\C4IMap\v16\ipch\AutoPCH\a1d97d4577840636
D:\work\»óČ²µµ\C4IMap\.vs\C4IMap\v16\ipch\AutoPCH\a34bfcc61aae64ca
D:\work\»óČ²µµ\C4IMap\.vs\C4IMap\v16\ipch\AutoPCH\a3d3ef59083fda26
D:\work\»óČ²µµ\C4IMap\.vs\C4IMap\v16\ipch\AutoPCH\a464dd0963acc918
D:\work\»óČ²µµ\C4IMap\.vs\C4IMap\v16\ipch\AutoPCH\a5a1e1e7d25bfa26
D:\work\»óČ²µµ\C4IMap\.vs\C4IMap\v16\ipch\AutoPCH\a6b3e7979148d179
D:\work\»óČ²µµ\C4IMap\.vs\C4IMap\v16\ipch\AutoPCH\a6d0b71a576a34f1
D:\work\»óČ²µµ\C4IMap\.vs\C4IMap\v16\ipch\AutoPCH\a930dc1132fd06e4
D:\work\»óČ²µµ\C4IMap\.vs\C4IMap\v16\ipch\AutoPCH\a9a3978f5bf34c1d
D:\work\»óČ²µµ\C4IMap\.vs\C4IMap\v16\ipch\AutoPCH\a9afc61f0566a9b0
D:\work\»óČ²µµ\C4IMap\.vs\C4IMap\v16\ipch\AutoPCH\aa67c581183a6139
D:\work\»óČ²µµ\C4IMap\.vs\C4IMap\v16\ipch\AutoPCH\aa8dbaf90ff0a93f
D:\work\»óČ²µµ\C4IMap\.vs\C4IMap\v16\ipch\AutoPCH\ae68ca8a5291d1f
D:\work\»óČ²µµ\C4IMap\.vs\C4IMap\v16\ipch\AutoPCH\b10496dafef928bf
D:\work\»óČ²µµ\C4IMap\.vs\C4IMap\v16\ipch\AutoPCH\b6ec75fa401c524d
D:\work\»óČ²µµ\C4IMap\.vs\C4IMap\v16\ipch\AutoPCH\b98b7c71575a9dfa
D:\work\»óČ²µµ\C4IMap\.vs\C4IMap\v16\ipch\AutoPCH\ba00415beabd13df
D:\work\»óČ²µµ\C4IMap\.vs\C4IMap\v16\ipch\AutoPCH\bdd343ad7de73893
D:\work\»óČ²µµ\C4IMap\.vs\C4IMap\v16\ipch\AutoPCH\be29b975ba8d1499
D:\work\»óČ²µµ\C4IMap\.vs\C4IMap\v16\ipch\AutoPCH\c1607a52b775dc02
D:\work\»óČ²µµ\C4IMap\.vs\C4IMap\v16\ipch\AutoPCH\c1cfd3edd3aea612
D:\work\»óČ²µµ\C4IMap\.vs\C4IMap\v16\ipch\AutoPCH\c3f10626f189678d
D:\work\»óČ²µµ\C4IMap\.vs\C4IMap\v16\ipch\AutoPCH\c42317958d03020
D:\work\»óČ²µµ\C4IMap\.vs\C4IMap\v16\ipch\AutoPCH\c6178700d4a1431e
D:\work\»óČ²µµ\C4IMap\.vs\C4IMap\v16\ipch\AutoPCH\c6a3ade0b9b2057e
D:\work\»óČ²µµ\C4IMap\.vs\C4IMap\v16\ipch\AutoPCH\c797f97a412f5924
D:\work\»óČ²µµ\C4IMap\.vs\C4IMap\v16\ipch\AutoPCH\c79fa58e32d875c1
D:\work\»óČ²µµ\C4IMap\.vs\C4IMap\v16\ipch\AutoPCH\cc425361ecaf837d
D:\work\»óČ²µµ\C4IMap\.vs\C4IMap\v16\ipch\AutoPCH\cc68d04f542366df
D:\work\»óČ²µµ\C4IMap\.vs\C4IMap\v16\ipch\AutoPCH\ce0bf2f40e0b866d
D:\work\»óČ²µµ\C4IMap\.vs\C4IMap\v16\ipch\AutoPCH\cefca95c5403b933
D:\work\»óČ²µµ\C4IMap\.vs\C4IMap\v16\ipch\AutoPCH\cf4c06f88d9385e0
D:\work\»óČ²µµ\C4IMap\.vs\C4IMap\v16\ipch\AutoPCH\cf817e2349c8a9fa
D:\work\»óČ²µµ\C4IMap\.vs\C4IMap\v16\ipch\AutoPCH\d2817693b8176e26
D:\work\»óČ²µµ\C4IMap\.vs\C4IMap\v16\ipch\AutoPCH\d2f4ab8fe2f13dd7
D:\work\»óČ²µµ\C4IMap\.vs\C4IMap\v16\ipch\AutoPCH\d336d72d2db55813
D:\work\»óČ²µµ\C4IMap\.vs\C4IMap\v16\ipch\AutoPCH\d4ae25d336709888
D:\work\»óČ²µµ\C4IMap\.vs\C4IMap\v16\ipch\AutoPCH\d4b95ca7bf4b342e
D:\work\»óČ²µµ\C4IMap\.vs\C4IMap\v16\ipch\AutoPCH\d6e434d8a2b6be87
D:\work\»óČ²µµ\C4IMap\.vs\C4IMap\v16\ipch\AutoPCH\d7304454d53a4b4b
D:\work\»óČ²µµ\C4IMap\.vs\C4IMap\v16\ipch\AutoPCH\d8e84c15bb8fe8cd
D:\work\»óČ²µµ\C4IMap\.vs\C4IMap\v16\ipch\AutoPCH\db61f9327a0a5742
D:\work\»óČ²µµ\C4IMap\.vs\C4IMap\v16\ipch\AutoPCH\dcc9876e9edad63a
D:\work\»óČ²µµ\C4IMap\.vs\C4IMap\v16\ipch\AutoPCH\df1fb7ebbbc2375a
D:\work\»óČ²µµ\C4IMap\.vs\C4IMap\v16\ipch\AutoPCH\df6a20b27172405d
D:\work\»óČ²µµ\C4IMap\.vs\C4IMap\v16\ipch\AutoPCH\dfa558f64f61a059
D:\work\»óČ²µµ\C4IMap\.vs\C4IMap\v16\ipch\AutoPCH\e0a18681f2fe1105
D:\work\»óČ²µµ\C4IMap\.vs\C4IMap\v16\ipch\AutoPCH\e369157f3b259b64
D:\work\»óČ²µµ\C4IMap\.vs\C4IMap\v16\ipch\AutoPCH\e4a7e37d4d0b73ad
D:\work\»óČ²µµ\C4IMap\.vs\C4IMap\v16\ipch\AutoPCH\e4de2f60465738b
D:\work\»óČ²µµ\C4IMap\.vs\C4IMap\v16\ipch\AutoPCH\e6a5c58069eff1ab
D:\work\»óČ²µµ\C4IMap\.vs\C4IMap\v16\ipch\AutoPCH\e9ac05c4ca44a015
D:\work\»óČ²µµ\C4IMap\.vs\C4IMap\v16\ipch\AutoPCH\e9d32388beb17f9f
D:\work\»óČ²µµ\C4IMap\.vs\C4IMap\v16\ipch\AutoPCH\eb3866d07f30427
D:\work\»óČ²µµ\C4IMap\.vs\C4IMap\v16\ipch\AutoPCH\eba01c9ce514babb
D:\work\»óČ²µµ\C4IMap\.vs\C4IMap\v16\ipch\AutoPCH\ecb07dc921c91491
D:\work\»óČ²µµ\C4IMap\.vs\C4IMap\v16\ipch\AutoPCH\ee4775cb93f0159d
D:\work\»óČ²µµ\C4IMap\.vs\C4IMap\v16\ipch\AutoPCH\eeb32d72847f5dc8
D:\work\»óČ²µµ\C4IMap\.vs\C4IMap\v16\ipch\AutoPCH\eed562622951b804
D:\work\»óČ²µµ\C4IMap\.vs\C4IMap\v16\ipch\AutoPCH\f283b40bcc718af6
D:\work\»óČ²µµ\C4IMap\.vs\C4IMap\v16\ipch\AutoPCH\f7539830ef71eca5
D:\work\»óČ²µµ\C4IMap\.vs\C4IMap\v16\ipch\AutoPCH\fa450d2c63c4deec
D:\work\»óČ²µµ\C4IMap\.vs\C4IMap\v16\ipch\AutoPCH\fdca4544a41adfc3
D:\work\»óČ²µµ\C4IMap\.vs\C4IMap\v16\ipch\AutoPCH\fe5af6c6ae6d2989
D:\work\»óČ²µµ\C4IMap\.vs\C4IMap\v16\ipch\AutoPCH\ffc6b9a0d7a7914c
D:\work\»óČ²µµ\C4IMap\.vs\C4IMap\v16\ipch\AutoPCH\1e2d26bebd54005a\APPMODUL.ipch
D:\work\»óČ²µµ\C4IMap\.vs\C4IMap\v16\ipch\AutoPCH\288b424158978e3b\WINCORE.ipch
D:\work\»óČ²µµ\C4IMap\.vs\C4IMap\v16\ipch\AutoPCH\28a9bba2383ace81\COLORPICKER.ipch
D:\work\»óČ²µµ\C4IMap\.vs\C4IMap\v16\ipch\AutoPCH\34360b2747f43e93\LAYERMANAGER.ipch
D:\work\»óČ²µµ\C4IMap\.vs\C4IMap\v16\ipch\AutoPCH\3fb73bd1d8e4cfb5\WINCORE.ipch
D:\work\»óČ²µµ\C4IMap\.vs\C4IMap\v16\ipch\AutoPCH\4bf6155820352462\AFXMEM.ipch
D:\work\»óČ²µµ\C4IMap\.vs\C4IMap\v16\ipch\AutoPCH\5dbd8825d8307ca5\BACKGROUNDUTIL.ipch
D:\work\»óČ²µµ\C4IMap\.vs\C4IMap\v16\ipch\AutoPCH\5f7d73f1dd4dde3d\LAYERMANAGER.ipch
D:\work\»óČ²µµ\C4IMap\.vs\C4IMap\v16\ipch\AutoPCH\66f5bf6ea1e612ab\WINFRM.ipch
D:\work\»óČ²µµ\C4IMap\.vs\C4IMap\v16\ipch\AutoPCH\6a846b72a6e374c3\COLORBUTTON.ipch
D:\work\»óČ²µµ\C4IMap\.vs\C4IMap\v16\ipch\AutoPCH\71977409c53a6ebf\WINCORE.ipch
D:\work\»óČ²µµ\C4IMap\.vs\C4IMap\v16\ipch\AutoPCH\7695cd6c55da8971\AFXTOOLBAR.ipch
D:\work\»óČ²µµ\C4IMap\.vs\C4IMap\v16\ipch\AutoPCH\790ebe23c31b1d80\LAYERMANAGER.ipch
D:\work\»óČ²µµ\C4IMap\.vs\C4IMap\v16\ipch\AutoPCH\7d9d3280da47a64d\WINCORE.ipch
D:\work\»óČ²µµ\C4IMap\.vs\C4IMap\v16\ipch\AutoPCH\847c767077c4a86a\AFXSTATE.ipch
D:\work\»óČ²µµ\C4IMap\.vs\C4IMap\v16\ipch\AutoPCH\8bbcbe313a17172e\AFXSTATE.ipch
D:\work\»óČ²µµ\C4IMap\.vs\C4IMap\v16\ipch\AutoPCH\8c894b176172619\WINCORE.ipch
D:\work\»óČ²µµ\C4IMap\.vs\C4IMap\v16\ipch\AutoPCH\95ad65e2ee2f0d33\TOOLTIP.ipch
D:\work\»óČ²µµ\C4IMap\.vs\C4IMap\v16\ipch\AutoPCH\97891ca2e056d28b\AFXMEM.ipch
D:\work\»óČ²µµ\C4IMap\.vs\C4IMap\v16\ipch\AutoPCH\a06b072a748d6c40\XTHROW.ipch
D:\work\»óČ²µµ\C4IMap\.vs\C4IMap\v16\ipch\AutoPCH\a1d97d4577840636\OBJCORE.ipch
D:\work\»óČ²µµ\C4IMap\.vs\C4IMap\v16\ipch\AutoPCH\a9a3978f5bf34c1d\EXCEPT.ipch
D:\work\»óČ²µµ\C4IMap\.vs\C4IMap\v16\ipch\AutoPCH\c3f10626f189678d\OVERLAYEVENTMGR.ipch
D:\work\»óČ²µµ\C4IMap\.vs\C4IMap\v16\ipch\AutoPCH\c42317958d03020\AFXSTATE.ipch
D:\work\»óČ²µµ\C4IMap\.vs\C4IMap\v16\ipch\AutoPCH\c6178700d4a1431e\XTHROW.ipch
D:\work\»óČ²µµ\C4IMap\.vs\C4IMap\v16\ipch\AutoPCH\c6a3ade0b9b2057e\AFXSTATE.ipch
D:\work\»óČ²µµ\C4IMap\.vs\C4IMap\v16\ipch\AutoPCH\cc68d04f542366df\AFXMEM.ipch
D:\work\»óČ²µµ\C4IMap\.vs\C4IMap\v16\ipch\AutoPCH\d4ae25d336709888\DLLINIT.ipch
D:\work\»óČ²µµ\C4IMap\.vs\C4IMap\v16\ipch\AutoPCH\d8e84c15bb8fe8cd\WINCORE.ipch
D:\work\»óČ²µµ\C4IMap\.vs\C4IMap\v16\ipch\AutoPCH\db61f9327a0a5742\AFXSTATE.ipch
D:\work\»óČ²µµ\C4IMap\.vs\C4IMap\v16\ipch\AutoPCH\e9ac05c4ca44a015\COLORSTATIC.ipch
D:\work\»óČ²µµ\C4IMap\.vs\C4IMap\v16\ipch\AutoPCH\eb3866d07f30427\OVERLAYEVENTMGR.ipch
D:\work\»óČ²µµ\C4IMap\.vs\C4IMap\v16\ipch\AutoPCH\eeb32d72847f5dc8\AFXSTATE.ipch
D:\work\»óČ²µµ\C4IMap\.vs\C4IMap\v16\ipch\AutoPCH\fa450d2c63c4deec\EXCEPT.ipch
D:\work\»óČ²µµ\C4IMap\.vs\C4IMap\v16\ipch\AutoPCH\fdca4544a41adfc3\AFXTOOLBARIMAGES.ipch
D:\work\»óČ²µµ\C4IMap\control\BCMenu.cpp
D:\work\»óČ²µµ\C4IMap\control\BCMenu.h
D:\work\»óČ²µµ\C4IMap\control\BtnST.cpp
D:\work\»óČ²µµ\C4IMap\control\BtnST.h
D:\work\»óČ²µµ\C4IMap\control\CeXDib.cpp
D:\work\»óČ²µµ\C4IMap\control\CeXDib.h
D:\work\»óČ²µµ\C4IMap\control\ColorPicker.cpp
D:\work\»óČ²µµ\C4IMap\control\ColorPicker.h
D:\work\»óČ²µµ\C4IMap\control\ColorPopup.cpp
D:\work\»óČ²µµ\C4IMap\control\ColorPopup.h
D:\work\»óČ²µµ\C4IMap\control\old
D:\work\»óČ²µµ\C4IMap\control\old_1
D:\work\»óČ²µµ\C4IMap\control\ShadeButtonST.cpp
D:\work\»óČ²µµ\C4IMap\control\ShadeButtonST.h
D:\work\»óČ²µµ\C4IMap\control\old\BCMenu.cpp
D:\work\»óČ²µµ\C4IMap\control\old\BCMenu.h
D:\work\»óČ²µµ\C4IMap\control\old\BCMenu_.cpp
D:\work\»óČ²µµ\C4IMap\control\old\BCMenu_.h
D:\work\»óČ²µµ\C4IMap\control\old\BtnST.cpp
D:\work\»óČ²µµ\C4IMap\control\old\BtnST.h
D:\work\»óČ²µµ\C4IMap\control\old\CeXDib.cpp
D:\work\»óČ²µµ\C4IMap\control\old\CeXDib.h
D:\work\»óČ²µµ\C4IMap\control\old\ColorBT.cpp
D:\work\»óČ²µµ\C4IMap\control\old\ColorBT.h
D:\work\»óČ²µµ\C4IMap\control\old\ColorButton.cpp
D:\work\»óČ²µµ\C4IMap\control\old\ColorButton.h
D:\work\»óČ²µµ\C4IMap\control\old\ColorDef.h
D:\work\»óČ²µµ\C4IMap\control\old\ColorPicker.cpp
D:\work\»óČ²µµ\C4IMap\control\old\ColorPicker.h
D:\work\»óČ²µµ\C4IMap\control\old\ColorPopup.cpp
D:\work\»óČ²µµ\C4IMap\control\old\ColorPopup.h
D:\work\»óČ²µµ\C4IMap\control\old\ColorStatic.cpp
D:\work\»óČ²µµ\C4IMap\control\old\ColorStatic.h
D:\work\»óČ²µµ\C4IMap\control\old\ControlToolTip.cpp
D:\work\»óČ²µµ\C4IMap\control\old\ControlToolTip.h
D:\work\»óČ²µµ\C4IMap\control\old\NewLabel.cpp
D:\work\»óČ²µµ\C4IMap\control\old\NewLabel.h
D:\work\»óČ²µµ\C4IMap\control\old\ShadeButtonST.cpp
D:\work\»óČ²µµ\C4IMap\control\old\ShadeButtonST.h
D:\work\»óČ²µµ\C4IMap\control\old_1\BCMenu.cpp
D:\work\»óČ²µµ\C4IMap\control\old_1\BCMenu.h
D:\work\»óČ²µµ\C4IMap\control\old_1\BtnST.cpp
D:\work\»óČ²µµ\C4IMap\control\old_1\BtnST.h
D:\work\»óČ²µµ\C4IMap\control\old_1\CeXDib.cpp
D:\work\»óČ²µµ\C4IMap\control\old_1\CeXDib.h
D:\work\»óČ²µµ\C4IMap\control\old_1\ColorBT.cpp
D:\work\»óČ²µµ\C4IMap\control\old_1\ColorBT.h
D:\work\»óČ²µµ\C4IMap\control\old_1\ColorButton.cpp
D:\work\»óČ²µµ\C4IMap\control\old_1\ColorButton.h
D:\work\»óČ²µµ\C4IMap\control\old_1\ColorDef.h
D:\work\»óČ²µµ\C4IMap\control\old_1\ColorPicker.cpp
D:\work\»óČ²µµ\C4IMap\control\old_1\ColorPicker.h
D:\work\»óČ²µµ\C4IMap\control\old_1\ColorPopup.cpp
D:\work\»óČ²µµ\C4IMap\control\old_1\ColorPopup.h
D:\work\»óČ²µµ\C4IMap\control\old_1\ColorStatic.cpp
D:\work\»óČ²µµ\C4IMap\control\old_1\ColorStatic.h
D:\work\»óČ²µµ\C4IMap\control\old_1\ControlToolTip.cpp
D:\work\»óČ²µµ\C4IMap\control\old_1\ControlToolTip.h
D:\work\»óČ²µµ\C4IMap\control\old_1\NewLabel.cpp
D:\work\»óČ²µµ\C4IMap\control\old_1\NewLabel.h
D:\work\»óČ²µµ\C4IMap\control\old_1\ShadeButtonST.cpp
D:\work\»óČ²µµ\C4IMap\control\old_1\ShadeButtonST.h
D:\work\»óČ²µµ\C4IMap\Debug\BCMenu.obj
D:\work\»óČ²µµ\C4IMap\Debug\BtnST.obj
D:\work\»óČ²µµ\C4IMap\Debug\C4IMap.Build.CppClean.log
D:\work\»óČ²µµ\C4IMap\Debug\C4IMap.exe.recipe
D:\work\»óČ²µµ\C4IMap\Debug\C4IMap.ilk
D:\work\»óČ²µµ\C4IMap\Debug\C4IMap.log
D:\work\»óČ²µµ\C4IMap\Debug\C4IMap.obj
D:\work\»óČ²µµ\C4IMap\Debug\C4IMap.pch
D:\work\»óČ²µµ\C4IMap\Debug\C4IMap.res
D:\work\»óČ²µµ\C4IMap\Debug\C4IMap.tlog
D:\work\»óČ²µµ\C4IMap\Debug\C4IMap.vcxproj.FileListAbsolute.txt
D:\work\»óČ²µµ\C4IMap\Debug\C4IMapDoc.obj
D:\work\»óČ²µµ\C4IMap\Debug\C4IMapView.obj
D:\work\»óČ²µµ\C4IMap\Debug\C4IMapView_Draw.obj
D:\work\»óČ²µµ\C4IMap\Debug\C4IMapView_Etc.obj
D:\work\»óČ²µµ\C4IMap\Debug\C4IMapView_Hitest.obj
D:\work\»óČ²µµ\C4IMap\Debug\C4IMapView_Init.obj
D:\work\»óČ²µµ\C4IMap\Debug\C4IMapView_Menu.obj
D:\work\»óČ²µµ\C4IMap\Debug\C4IMapView_MouseEvent.obj
D:\work\»óČ²µµ\C4IMap\Debug\C4IMapView_Overlay.obj
D:\work\»óČ²µµ\C4IMap\Debug\CaptureWindow.obj
D:\work\»óČ²µµ\C4IMap\Debug\CeXDib.obj
D:\work\»óČ²µµ\C4IMap\Debug\ColorBT.obj
D:\work\»óČ²µµ\C4IMap\Debug\ColorButton.obj
D:\work\»óČ²µµ\C4IMap\Debug\ColorPicker.obj
D:\work\»óČ²µµ\C4IMap\Debug\ColorPopup.obj
D:\work\»óČ²µµ\C4IMap\Debug\ColorStatic.obj
D:\work\»óČ²µµ\C4IMap\Debug\ControlToolTip.obj
D:\work\»óČ²µµ\C4IMap\Debug\Dbf.obj
D:\work\»óČ²µµ\C4IMap\Debug\DIBSectionLite.obj
D:\work\»óČ²µµ\C4IMap\Debug\DlgObjectList.obj
D:\work\»óČ²µµ\C4IMap\Debug\DlgOverlayControler.obj
D:\work\»óČ²µµ\C4IMap\Debug\DlgOverlayEditObject.obj
D:\work\»óČ²µµ\C4IMap\Debug\DlgOverlayEidtObjectPoint.obj
D:\work\»óČ²µµ\C4IMap\Debug\DlgOverlayProperty.obj
D:\work\»óČ²µµ\C4IMap\Debug\DlgOverlayTextEdit.obj
D:\work\»óČ²µµ\C4IMap\Debug\FileFinder.obj
D:\work\»óČ²µµ\C4IMap\Debug\FilePath.obj
D:\work\»óČ²µµ\C4IMap\Debug\GColorData.obj
D:\work\»óČ²µµ\C4IMap\Debug\GEnvVar.obj
D:\work\»óČ²µµ\C4IMap\Debug\GFileUtil.obj
D:\work\»óČ²µµ\C4IMap\Debug\GLib.obj
D:\work\»óČ²µµ\C4IMap\Debug\GLibColor.obj
D:\work\»óČ²µµ\C4IMap\Debug\GLibRes.obj
D:\work\»óČ²µµ\C4IMap\Debug\GMapInfo.obj
D:\work\»óČ²µµ\C4IMap\Debug\GMapLib.obj
D:\work\»óČ²µµ\C4IMap\Debug\GPoint.obj
D:\work\»óČ²µµ\C4IMap\Debug\GStatusFlag.obj
D:\work\»óČ²µµ\C4IMap\Debug\GViewInfo.obj
D:\work\»óČ²µµ\C4IMap\Debug\IndexMapView.obj
D:\work\»óČ²µµ\C4IMap\Debug\IndexMapWnd.obj
D:\work\»óČ²µµ\C4IMap\Debug\Ini.obj
D:\work\»óČ²µµ\C4IMap\Debug\Initiator.obj
D:\work\»óČ²µµ\C4IMap\Debug\io.obj
D:\work\»óČ²µµ\C4IMap\Debug\ItemView.obj
D:\work\»óČ²µµ\C4IMap\Debug\LayerView.obj
D:\work\»óČ²µµ\C4IMap\Debug\MainFrm.obj
D:\work\»óČ²µµ\C4IMap\Debug\MapConfigMgr.obj
D:\work\»óČ²µµ\C4IMap\Debug\MapDataMgr.obj
D:\work\»óČ²µµ\C4IMap\Debug\MapGeneratorDlg.obj
D:\work\»óČ²µµ\C4IMap\Debug\MapObjectManager.obj
D:\work\»óČ²µµ\C4IMap\Debug\MapObjectOrderList.obj
D:\work\»óČ²µµ\C4IMap\Debug\MapObjectViewTree.obj
D:\work\»óČ²µµ\C4IMap\Debug\MapPropertiesWnd.obj
D:\work\»óČ²µµ\C4IMap\Debug\Markup.obj
D:\work\»óČ²µµ\C4IMap\Debug\msxml6.tlh
D:\work\»óČ²µµ\C4IMap\Debug\msxml6.tli
D:\work\»óČ²µµ\C4IMap\Debug\ObjectProp.obj
D:\work\»óČ²µµ\C4IMap\Debug\ObjectThread.obj
D:\work\»óČ²µµ\C4IMap\Debug\OutputLogList.obj
D:\work\»óČ²µµ\C4IMap\Debug\OutputSearchList.obj
D:\work\»óČ²µµ\C4IMap\Debug\OutputWnd.obj
D:\work\»óČ²µµ\C4IMap\Debug\OverlayFileHeader.obj
D:\work\»óČ²µµ\C4IMap\Debug\OverlayFileMgr.obj
D:\work\»óČ²µµ\C4IMap\Debug\OverlayFileRecordCommon.obj
D:\work\»óČ²µµ\C4IMap\Debug\OverlayFileRecordHeader.obj
D:\work\»óČ²µµ\C4IMap\Debug\OverlayFileRecordImage.obj
D:\work\»óČ²µµ\C4IMap\Debug\OverlayFileRecordText.obj
D:\work\»óČ²µµ\C4IMap\Debug\OverlayMain.obj
D:\work\»óČ²µµ\C4IMap\Debug\OverlayView.obj
D:\work\»óČ²µµ\C4IMap\Debug\PathFile.obj
D:\work\»óČ²µµ\C4IMap\Debug\pch.obj
D:\work\»óČ²µµ\C4IMap\Debug\PointDisplay.obj
D:\work\»óČ²µµ\C4IMap\Debug\PPDrawManager.obj
D:\work\»óČ²µµ\C4IMap\Debug\PPHtmlDrawer.obj
D:\work\»óČ²µµ\C4IMap\Debug\PPTooltip.obj
D:\work\»óČ²µµ\C4IMap\Debug\PropertiesWnd.obj
D:\work\»óČ²µµ\C4IMap\Debug\RasterMgr.obj
D:\work\»óČ²µµ\C4IMap\Debug\SafeQueue.obj
D:\work\»óČ²µµ\C4IMap\Debug\ShadeButtonST.obj
D:\work\»óČ²µµ\C4IMap\Debug\ShapeT.obj
D:\work\»óČ²µµ\C4IMap\Debug\Shp.obj
D:\work\»óČ²µµ\C4IMap\Debug\shpDBF.obj
D:\work\»óČ²µµ\C4IMap\Debug\ShpMgr.obj
D:\work\»óČ²µµ\C4IMap\Debug\shpMultiPoint.obj
D:\work\»óČ²µµ\C4IMap\Debug\shpObject.obj
D:\work\»óČ²µµ\C4IMap\Debug\shpPoint.obj
D:\work\»óČ²µµ\C4IMap\Debug\shpPoly.obj
D:\work\»óČ²µµ\C4IMap\Debug\shpPolygon.obj
D:\work\»óČ²µµ\C4IMap\Debug\TmsMgr.obj
D:\work\»óČ²µµ\C4IMap\Debug\TypeView.obj
D:\work\»óČ²µµ\C4IMap\Debug\ViewList.obj
D:\work\»óČ²µµ\C4IMap\Debug\ViewTree.obj
D:\work\»óČ²µµ\C4IMap\Debug\XMLControl.obj
D:\work\»óČ²µµ\C4IMap\Debug\C4IMap.tlog\C4IMap.lastbuildstate
D:\work\»óČ²µµ\C4IMap\Debug\C4IMap.tlog\CL.command.1.tlog
D:\work\»óČ²µµ\C4IMap\Debug\C4IMap.tlog\CL.read.1.tlog
D:\work\»óČ²µµ\C4IMap\Debug\C4IMap.tlog\CL.write.1.tlog
D:\work\»óČ²µµ\C4IMap\Debug\C4IMap.tlog\link.command.1.tlog
D:\work\»óČ²µµ\C4IMap\Debug\C4IMap.tlog\link.read.1.tlog
D:\work\»óČ²µµ\C4IMap\Debug\C4IMap.tlog\link.write.1.tlog
D:\work\»óČ²µµ\C4IMap\Debug\C4IMap.tlog\rc.command.1.tlog
D:\work\»óČ²µµ\C4IMap\Debug\C4IMap.tlog\rc.read.1.tlog
D:\work\»óČ²µµ\C4IMap\Debug\C4IMap.tlog\rc.write.1.tlog
D:\work\»óČ²µµ\C4IMap\OverlayFileMgr\OverlayFileHeader.cpp
D:\work\»óČ²µµ\C4IMap\OverlayFileMgr\OverlayFileHeader.h
D:\work\»óČ²µµ\C4IMap\OverlayFileMgr\OverlayFileMgr.cpp
D:\work\»óČ²µµ\C4IMap\OverlayFileMgr\OverlayFileMgr.h
D:\work\»óČ²µµ\C4IMap\OverlayFileMgr\OverlayFileRecordCommon.cpp
D:\work\»óČ²µµ\C4IMap\OverlayFileMgr\OverlayFileRecordCommon.h
D:\work\»óČ²µµ\C4IMap\OverlayFileMgr\OverlayFileRecordHeader.cpp
D:\work\»óČ²µµ\C4IMap\OverlayFileMgr\OverlayFileRecordHeader.h
D:\work\»óČ²µµ\C4IMap\OverlayFileMgr\OverlayFileRecordImage.cpp
D:\work\»óČ²µµ\C4IMap\OverlayFileMgr\OverlayFileRecordImage.h
D:\work\»óČ²µµ\C4IMap\OverlayFileMgr\OverlayFileRecordText.cpp
D:\work\»óČ²µµ\C4IMap\OverlayFileMgr\OverlayFileRecordText.h
D:\work\»óČ²µµ\C4IMap\Release\BCMenu.obj
D:\work\»óČ²µµ\C4IMap\Release\BtnST.obj
D:\work\»óČ²µµ\C4IMap\Release\C4IMap.Build.CppClean.log
D:\work\»óČ²µµ\C4IMap\Release\C4IMap.exe.recipe
D:\work\»óČ²µµ\C4IMap\Release\C4IMap.iobj
D:\work\»óČ²µµ\C4IMap\Release\C4IMap.log
D:\work\»óČ²µµ\C4IMap\Release\C4IMap.obj
D:\work\»óČ²µµ\C4IMap\Release\C4IMap.pch
D:\work\»óČ²µµ\C4IMap\Release\C4IMap.res
D:\work\»óČ²µµ\C4IMap\Release\C4IMap.tlog
D:\work\»óČ²µµ\C4IMap\Release\C4IMap.vcxproj.FileListAbsolute.txt
D:\work\»óČ²µµ\C4IMap\Release\C4IMapDoc.obj
D:\work\»óČ²µµ\C4IMap\Release\C4IMapView.obj
D:\work\»óČ²µµ\C4IMap\Release\C4IMapView_Draw.obj
D:\work\»óČ²µµ\C4IMap\Release\C4IMapView_Etc.obj
D:\work\»óČ²µµ\C4IMap\Release\C4IMapView_Hitest.obj
D:\work\»óČ²µµ\C4IMap\Release\C4IMapView_Init.obj
D:\work\»óČ²µµ\C4IMap\Release\C4IMapView_Menu.obj
D:\work\»óČ²µµ\C4IMap\Release\C4IMapView_MouseEvent.obj
D:\work\»óČ²µµ\C4IMap\Release\C4IMapView_Overlay.obj
D:\work\»óČ²µµ\C4IMap\Release\CaptureWindow.obj
D:\work\»óČ²µµ\C4IMap\Release\CeXDib.obj
D:\work\»óČ²µµ\C4IMap\Release\ColorPicker.obj
D:\work\»óČ²µµ\C4IMap\Release\ColorPopup.obj
D:\work\»óČ²µµ\C4IMap\Release\Dbf.obj
D:\work\»óČ²µµ\C4IMap\Release\DIBSectionLite.obj
D:\work\»óČ²µµ\C4IMap\Release\DlgObjectList.obj
D:\work\»óČ²µµ\C4IMap\Release\DlgOverlayControler.obj
D:\work\»óČ²µµ\C4IMap\Release\DlgOverlayEditObject.obj
D:\work\»óČ²µµ\C4IMap\Release\DlgOverlayEidtObjectPoint.obj
D:\work\»óČ²µµ\C4IMap\Release\DlgOverlayProperty.obj
D:\work\»óČ²µµ\C4IMap\Release\DlgOverlayTextEdit.obj
D:\work\»óČ²µµ\C4IMap\Release\FileFinder.obj
D:\work\»óČ²µµ\C4IMap\Release\FilePath.obj
D:\work\»óČ²µµ\C4IMap\Release\GColorData.obj
D:\work\»óČ²µµ\C4IMap\Release\GEnvVar.obj
D:\work\»óČ²µµ\C4IMap\Release\GFileUtil.obj
D:\work\»óČ²µµ\C4IMap\Release\GLib.obj
D:\work\»óČ²µµ\C4IMap\Release\GLibColor.obj
D:\work\»óČ²µµ\C4IMap\Release\GLibRes.obj
D:\work\»óČ²µµ\C4IMap\Release\GMapInfo.obj
D:\work\»óČ²µµ\C4IMap\Release\GMapLib.obj
D:\work\»óČ²µµ\C4IMap\Release\GPoint.obj
D:\work\»óČ²µµ\C4IMap\Release\GStatusFlag.obj
D:\work\»óČ²µµ\C4IMap\Release\GViewInfo.obj
D:\work\»óČ²µµ\C4IMap\Release\IndexMapView.obj
D:\work\»óČ²µµ\C4IMap\Release\IndexMapWnd.obj
D:\work\»óČ²µµ\C4IMap\Release\Ini.obj
D:\work\»óČ²µµ\C4IMap\Release\Initiator.obj
D:\work\»óČ²µµ\C4IMap\Release\io.obj
D:\work\»óČ²µµ\C4IMap\Release\ItemView.obj
D:\work\»óČ²µµ\C4IMap\Release\LayerManager.obj
D:\work\»óČ²µµ\C4IMap\Release\LayerStructure.obj
D:\work\»óČ²µµ\C4IMap\Release\LayerView.obj
D:\work\»óČ²µµ\C4IMap\Release\MainFrm.obj
D:\work\»óČ²µµ\C4IMap\Release\MapConfigMgr.obj
D:\work\»óČ²µµ\C4IMap\Release\MapDataMgr.obj
D:\work\»óČ²µµ\C4IMap\Release\MapGeneratorDlg.obj
D:\work\»óČ²µµ\C4IMap\Release\MapObjectManager.obj
D:\work\»óČ²µµ\C4IMap\Release\MapObjectOrderList.obj
D:\work\»óČ²µµ\C4IMap\Release\MapObjectViewTree.obj
D:\work\»óČ²µµ\C4IMap\Release\MapPropertiesWnd.obj
D:\work\»óČ²µµ\C4IMap\Release\Markup.obj
D:\work\»óČ²µµ\C4IMap\Release\msxml6.tlh
D:\work\»óČ²µµ\C4IMap\Release\msxml6.tli
D:\work\»óČ²µµ\C4IMap\Release\ObjectProp.obj
D:\work\»óČ²µµ\C4IMap\Release\ObjectThread.obj
D:\work\»óČ²µµ\C4IMap\Release\OutputLogList.obj
D:\work\»óČ²µµ\C4IMap\Release\OutputSearchList.obj
D:\work\»óČ²µµ\C4IMap\Release\OutputWnd.obj
D:\work\»óČ²µµ\C4IMap\Release\OverlayFileHeader.obj
D:\work\»óČ²µµ\C4IMap\Release\OverlayFileMgr.obj
D:\work\»óČ²µµ\C4IMap\Release\OverlayFileRecordCommon.obj
D:\work\»óČ²µµ\C4IMap\Release\OverlayFileRecordHeader.obj
D:\work\»óČ²µµ\C4IMap\Release\OverlayFileRecordImage.obj
D:\work\»óČ²µµ\C4IMap\Release\OverlayFileRecordText.obj
D:\work\»óČ²µµ\C4IMap\Release\OverlayMain.obj
D:\work\»óČ²µµ\C4IMap\Release\OverlayView.obj
D:\work\»óČ²µµ\C4IMap\Release\PathFile.obj
D:\work\»óČ²µµ\C4IMap\Release\pch.obj
D:\work\»óČ²µµ\C4IMap\Release\PointDisplay.obj
D:\work\»óČ²µµ\C4IMap\Release\PropertiesWnd.obj
D:\work\»óČ²µµ\C4IMap\Release\RasterMgr.obj
D:\work\»óČ²µµ\C4IMap\Release\SafeQueue.obj
D:\work\»óČ²µµ\C4IMap\Release\ShadeButtonST.obj
D:\work\»óČ²µµ\C4IMap\Release\ShapeT.obj
D:\work\»óČ²µµ\C4IMap\Release\Shp.obj
D:\work\»óČ²µµ\C4IMap\Release\shpDBF.obj
D:\work\»óČ²µµ\C4IMap\Release\ShpMgr.obj
D:\work\»óČ²µµ\C4IMap\Release\shpMultiPoint.obj
D:\work\»óČ²µµ\C4IMap\Release\shpObject.obj
D:\work\»óČ²µµ\C4IMap\Release\shpPoint.obj
D:\work\»óČ²µµ\C4IMap\Release\shpPoly.obj
D:\work\»óČ²µµ\C4IMap\Release\shpPolygon.obj
D:\work\»óČ²µµ\C4IMap\Release\TmsMgr.obj
D:\work\»óČ²µµ\C4IMap\Release\TypeView.obj
D:\work\»óČ²µµ\C4IMap\Release\ViewList.obj
D:\work\»óČ²µµ\C4IMap\Release\ViewTree.obj
D:\work\»óČ²µµ\C4IMap\Release\XMLControl.obj
D:\work\»óČ²µµ\C4IMap\Release\C4IMap.tlog\C4IMap.lastbuildstate
D:\work\»óČ²µµ\C4IMap\Release\C4IMap.tlog\CL.command.1.tlog
D:\work\»óČ²µµ\C4IMap\Release\C4IMap.tlog\CL.read.1.tlog
D:\work\»óČ²µµ\C4IMap\Release\C4IMap.tlog\CL.write.1.tlog
D:\work\»óČ²µµ\C4IMap\Release\C4IMap.tlog\link.command.1.tlog
D:\work\»óČ²µµ\C4IMap\Release\C4IMap.tlog\link.read.1.tlog
D:\work\»óČ²µµ\C4IMap\Release\C4IMap.tlog\link.write.1.tlog
D:\work\»óČ²µµ\C4IMap\Release\C4IMap.tlog\rc.command.1.tlog
D:\work\»óČ²µµ\C4IMap\Release\C4IMap.tlog\rc.read.1.tlog
D:\work\»óČ²µµ\C4IMap\Release\C4IMap.tlog\rc.write.1.tlog
D:\work\»óČ²µµ\C4IMap\res\bitmap1.bmp
D:\work\»óČ²µµ\C4IMap\res\bmp00001.bmp
D:\work\»óČ²µµ\C4IMap\res\button
D:\work\»óČ²µµ\C4IMap\res\ButtonBitmap
D:\work\»óČ²µµ\C4IMap\res\buttons.bmp
D:\work\»óČ²µµ\C4IMap\res\C4IMap.ico
D:\work\»óČ²µµ\C4IMap\res\C4IMap.rc2
D:\work\»óČ²µµ\C4IMap\res\C4IMapDoc.ico
D:\work\»óČ²µµ\C4IMap\res\classview.bmp
D:\work\»óČ²µµ\C4IMap\res\classview_hc.bmp
D:\work\»óČ²µµ\C4IMap\res\class_vi.ico
D:\work\»óČ²µµ\C4IMap\res\class_view.ico
D:\work\»óČ²µµ\C4IMap\res\class_view_hc.ico
D:\work\»óČ²µµ\C4IMap\res\connect.png
D:\work\»óČ²µµ\C4IMap\res\cursor
D:\work\»óČ²µµ\C4IMap\res\cursor1.cur
D:\work\»óČ²µµ\C4IMap\res\disconnect.png
D:\work\»óČ²µµ\C4IMap\res\DockPanes
D:\work\»óČ²µµ\C4IMap\res\explorer.bmp
D:\work\»óČ²µµ\C4IMap\res\explorer_hc.bmp
D:\work\»óČ²µµ\C4IMap\res\filelarge.bmp
D:\work\»óČ²µµ\C4IMap\res\filesmall.bmp
D:\work\»óČ²µµ\C4IMap\res\fileview.bmp
D:\work\»óČ²µµ\C4IMap\res\fileview_hc.bmp
D:\work\»óČ²µµ\C4IMap\res\file_view.ico
D:\work\»óČ²µµ\C4IMap\res\file_view_hc.ico
D:\work\»óČ²µµ\C4IMap\res\ico00001.ico
D:\work\»óČ²µµ\C4IMap\res\ico00002.ico
D:\work\»óČ²µµ\C4IMap\res\ico00003.ico
D:\work\»óČ²µµ\C4IMap\res\ico00004.ico
D:\work\»óČ²µµ\C4IMap\res\ico00005.ico
D:\work\»óČ²µµ\C4IMap\res\icon
D:\work\»óČ²µµ\C4IMap\res\info.bmp
D:\work\»óČ²µµ\C4IMap\res\main.bmp
D:\work\»óČ²µµ\C4IMap\res\menuimages.bmp
D:\work\»óČ²µµ\C4IMap\res\menuimages_hc.bmp
D:\work\»óČ²µµ\C4IMap\res\output_wnd.ico
D:\work\»óČ²µµ\C4IMap\res\output_wnd_hc.ico
D:\work\»óČ²µµ\C4IMap\res\properties.bmp
D:\work\»óČ²µµ\C4IMap\res\properties_hc.bmp
D:\work\»óČ²µµ\C4IMap\res\properties_wnd.ico
D:\work\»óČ²µµ\C4IMap\res\properties_wnd_hc.ico
D:\work\»óČ²µµ\C4IMap\res\ribbon.mfcribbon-ms
D:\work\»óČ²µµ\C4IMap\res\Ribonbar
D:\work\»óČ²µµ\C4IMap\res\sort.bmp
D:\work\»óČ²µµ\C4IMap\res\sort_24.bmp
D:\work\»óČ²µµ\C4IMap\res\sort_hc.bmp
D:\work\»óČ²µµ\C4IMap\res\Toolbar.bmp
D:\work\»óČ²µµ\C4IMap\res\toolbar1.bmp
D:\work\»óČ²µµ\C4IMap\res\Toolbar256.bmp
D:\work\»óČ²µµ\C4IMap\res\writelarge.bmp
D:\work\»óČ²µµ\C4IMap\res\writesmall.bmp
D:\work\»óČ²µµ\C4IMap\res\button\bitmap3.bmp
D:\work\»óČ²µµ\C4IMap\res\button\bitmap4.bmp
D:\work\»óČ²µµ\C4IMap\res\button\click_center.bmp
D:\work\»óČ²µµ\C4IMap\res\button\click_left.bmp
D:\work\»óČ²µµ\C4IMap\res\button\click_right.bmp
D:\work\»óČ²µµ\C4IMap\res\button\default_center.bmp
D:\work\»óČ²µµ\C4IMap\res\button\default_left.bmp
D:\work\»óČ²µµ\C4IMap\res\button\default_right.bmp
D:\work\»óČ²µµ\C4IMap\res\button\disable_center.bmp
D:\work\»óČ²µµ\C4IMap\res\button\disable_left.bmp
D:\work\»óČ²µµ\C4IMap\res\button\disable_right.bmp
D:\work\»óČ²µµ\C4IMap\res\button\focus_center.bmp
D:\work\»óČ²µµ\C4IMap\res\button\focus_left.bmp
D:\work\»óČ²µµ\C4IMap\res\button\focus_right.bmp
D:\work\»óČ²µµ\C4IMap\res\button\over_center.bmp
D:\work\»óČ²µµ\C4IMap\res\button\over_left.bmp
D:\work\»óČ²µµ\C4IMap\res\button\over_right.bmp
D:\work\»óČ²µµ\C4IMap\res\ButtonBitmap\move_down.bmp
D:\work\»óČ²µµ\C4IMap\res\ButtonBitmap\move_down_click.bmp
D:\work\»óČ²µµ\C4IMap\res\ButtonBitmap\move_left.bmp
D:\work\»óČ²µµ\C4IMap\res\ButtonBitmap\move_left_click.bmp
D:\work\»óČ²µµ\C4IMap\res\ButtonBitmap\move_right.bmp
D:\work\»óČ²µµ\C4IMap\res\ButtonBitmap\move_right_click.bmp
D:\work\»óČ²µµ\C4IMap\res\ButtonBitmap\move_up.bmp
D:\work\»óČ²µµ\C4IMap\res\ButtonBitmap\move_up_click.bmp
D:\work\»óČ²µµ\C4IMap\res\cursor\00_default.cur
D:\work\»óČ²µµ\C4IMap\res\cursor\01_zoomin.cur
D:\work\»óČ²µµ\C4IMap\res\cursor\02_zoomout.cur
D:\work\»óČ²µµ\C4IMap\res\cursor\03_panning.cur
D:\work\»óČ²µµ\C4IMap\res\cursor\04_rotate.cur
D:\work\»óČ²µµ\C4IMap\res\cursor\05_search_circle.cur
D:\work\»óČ²µµ\C4IMap\res\cursor\05_search_point.cur
D:\work\»óČ²µµ\C4IMap\res\cursor\05_search_polygon.cur
D:\work\»óČ²µµ\C4IMap\res\cursor\05_search_rect.cur
D:\work\»óČ²µµ\C4IMap\res\cursor\06_length.cur
D:\work\»óČ²µµ\C4IMap\res\cursor\07_area.cur
D:\work\»óČ²µµ\C4IMap\res\cursor\08_section.cur
D:\work\»óČ²µµ\C4IMap\res\cursor\09_visible.cur
D:\work\»óČ²µµ\C4IMap\res\cursor\10_Terrain.cur
D:\work\»óČ²µµ\C4IMap\res\cursor\12_overlay.cur
D:\work\»óČ²µµ\C4IMap\res\cursor\13_cop.cur
D:\work\»óČ²µµ\C4IMap\res\cursor\14_CoordCapture.cur
D:\work\»óČ²µµ\C4IMap\res\DockPanes\indexmap.bmp
D:\work\»óČ²µµ\C4IMap\res\DockPanes\indexmap_24.bmp
D:\work\»óČ²µµ\C4IMap\res\DockPanes\maporder_list.bmp
D:\work\»óČ²µµ\C4IMap\res\DockPanes\maporder_list_24.bmp
D:\work\»óČ²µµ\C4IMap\res\DockPanes\maporder_toolbar.bmp
D:\work\»óČ²µµ\C4IMap\res\DockPanes\maporder_toolbar_24.bmp
D:\work\»óČ²µµ\C4IMap\res\DockPanes\mapview_toolbar.bmp
D:\work\»óČ²µµ\C4IMap\res\DockPanes\mapview_toolbar_24.bmp
D:\work\»óČ²µµ\C4IMap\res\DockPanes\mapview_tree.bmp
D:\work\»óČ²µµ\C4IMap\res\DockPanes\mapview_tree_24.bmp
D:\work\»óČ²µµ\C4IMap\res\DockPanes\overlay_toolbar.bmp
D:\work\»óČ²µµ\C4IMap\res\DockPanes\overlay_toolbar_24.bmp
D:\work\»óČ²µµ\C4IMap\res\DockPanes\overlay_tree.bmp
D:\work\»óČ²µµ\C4IMap\res\DockPanes\overlay_tree_24.bmp
D:\work\»óČ²µµ\C4IMap\res\DockPanes\tree_check.bmp
D:\work\»óČ²µµ\C4IMap\res\icon\°ī¼±.bmp
D:\work\»óČ²µµ\C4IMap\res\icon\°ī¼±_on.bmp
D:\work\»óČ²µµ\C4IMap\res\icon\±×ø².bmp
D:\work\»óČ²µµ\C4IMap\res\icon\±×ø²_on.bmp
D:\work\»óČ²µµ\C4IMap\res\icon\´Ł°¢¼±.bmp
D:\work\»óČ²µµ\C4IMap\res\icon\´Ł°¢¼±_on.bmp
D:\work\»óČ²µµ\C4IMap\res\icon\´Ł°¢Ēü.bmp
D:\work\»óČ²µµ\C4IMap\res\icon\´Ł°¢Ēü_on.bmp
D:\work\»óČ²µµ\C4IMap\res\icon\µµĒü°ŻĄŚ.bmp
D:\work\»óČ²µµ\C4IMap\res\icon\µµĒü°ŻĄŚ_on.bmp
D:\work\»óČ²µµ\C4IMap\res\icon\µÕ±Ł»ē°¢Ēü.bmp
D:\work\»óČ²µµ\C4IMap\res\icon\µÕ±Ł»ē°¢Ēü_on.bmp
D:\work\»óČ²µµ\C4IMap\res\icon\·¹ĄĢ¾īĆ¢.bmp
D:\work\»óČ²µµ\C4IMap\res\icon\·¹ĄĢ¾īĆ¢_on.bmp
D:\work\»óČ²µµ\C4IMap\res\icon\ø¶ø§øš.bmp
D:\work\»óČ²µµ\C4IMap\res\icon\ø¶ø§øš1.bmp
D:\work\»óČ²µµ\C4IMap\res\icon\ø¶ø§øš2.bmp
D:\work\»óČ²µµ\C4IMap\res\icon\ø¶ø§øš_on.bmp
D:\work\»óČ²µµ\C4IMap\res\icon\¹®ĄŚ.bmp
D:\work\»óČ²µµ\C4IMap\res\icon\¹®ĄŚ_on.bmp
D:\work\»óČ²µµ\C4IMap\res\icon\ŗĪĆ¤²Ć.bmp
D:\work\»óČ²µµ\C4IMap\res\icon\ŗĪĆ¤²Ć_on.bmp
D:\work\»óČ²µµ\C4IMap\res\icon\»ē°¢Ēü.bmp
D:\work\»óČ²µµ\C4IMap\res\icon\»ē°¢Ēü_on.bmp
D:\work\»óČ²µµ\C4IMap\res\icon\»ļ°¢Ēü.bmp
D:\work\»óČ²µµ\C4IMap\res\icon\»ļ°¢Ēü_on.bmp
D:\work\»óČ²µµ\C4IMap\res\icon\¼±.bmp
D:\work\»óČ²µµ\C4IMap\res\icon\¼±_on.bmp
D:\work\»óČ²µµ\C4IMap\res\icon\æ¬°į¼±(²©ĄÓ°ī¼±).bmp
D:\work\»óČ²µµ\C4IMap\res\icon\æ¬°į¼±(²©ĄÓ°ī¼±)_on.bmp
D:\work\»óČ²µµ\C4IMap\res\icon\æ¬°į¼±(²©ĄÓ¼±).bmp
D:\work\»óČ²µµ\C4IMap\res\icon\æ¬°į¼±(²©ĄÓ¼±)_on.bmp
D:\work\»óČ²µµ\C4IMap\res\icon\æ¬°į¼±.bmp
D:\work\»óČ²µµ\C4IMap\res\icon\æ¬°į¼±_on.bmp
D:\work\»óČ²µµ\C4IMap\res\icon\æĄ°¢Ēü.bmp
D:\work\»óČ²µµ\C4IMap\res\icon\æĄ°¢Ēü_on.bmp
D:\work\»óČ²µµ\C4IMap\res\icon\Ą°°¢Ēü.bmp
D:\work\»óČ²µµ\C4IMap\res\icon\Ą°°¢Ēü_on.bmp
D:\work\»óČ²µµ\C4IMap\res\icon\Åøæų.bmp
D:\work\»óČ²µµ\C4IMap\res\icon\Åøæų_on.bmp
D:\work\»óČ²µµ\C4IMap\res\icon\ĘČ°¢Ēü.bmp
D:\work\»óČ²µµ\C4IMap\res\icon\ĘČ°¢Ēü_on.bmp
D:\work\»óČ²µµ\C4IMap\res\icon\Č£.bmp
D:\work\»óČ²µµ\C4IMap\res\icon\Č£_on.bmp
D:\work\»óČ²µµ\C4IMap\res\Ribonbar\3DMapViewer_Large.png
D:\work\»óČ²µµ\C4IMap\res\Ribonbar\3DViewer.png
D:\work\»óČ²µµ\C4IMap\res\Ribonbar\Analysis_Large.png
D:\work\»óČ²µµ\C4IMap\res\Ribonbar\Analysis_Small.png
D:\work\»óČ²µµ\C4IMap\res\Ribonbar\DrawShape_Large.png
D:\work\»óČ²µµ\C4IMap\res\Ribonbar\DrawShape_Small.png
D:\work\»óČ²µµ\C4IMap\res\Ribonbar\font_ali.png
D:\work\»óČ²µµ\C4IMap\res\Ribonbar\font_align.png
D:\work\»óČ²µµ\C4IMap\res\Ribonbar\font_tool.png
D:\work\»óČ²µµ\C4IMap\res\Ribonbar\OverlayLineBow.bmp
D:\work\»óČ²µµ\C4IMap\res\Ribonbar\OverlayLineDesh.bmp
D:\work\»óČ²µµ\C4IMap\res\Ribonbar\OverlayLineWidth.bmp
D:\work\»óČ²µµ\C4IMap\res\Ribonbar\Overlay_Defatult.bmp
D:\work\»óČ²µµ\C4IMap\res\Ribonbar\Overlay_Line.bmp
D:\work\»óČ²µµ\C4IMap\res\Ribonbar\Overlay_Rect.bmp
D:\work\»óČ²µµ\C4IMap\res\Ribonbar\Palette1.bmp
D:\work\»óČ²µµ\C4IMap\res\Ribonbar\Palette2.bmp
D:\work\»óČ²µµ\C4IMap\res\Ribonbar\PrintPreview_Large.png
D:\work\»óČ²µµ\C4IMap\res\Ribonbar\Screen_Large.png
D:\work\»óČ²µµ\C4IMap\res\Ribonbar\Screen_small.png
D:\work\»óČ²µµ\C4IMap\res\Ribonbar\Search_Large.png
D:\work\»óČ²µµ\C4IMap\res\Ribonbar\Search_Small.png
D:\work\»óČ²µµ\C4IMap\res\Ribonbar\View_Large.png
D:\work\»óČ²µµ\C4IMap\res\Ribonbar\View_Small.png
